[ 2017-10-29T16:50:02+08:00 ] 127.0.0.1 /
INFO: [ app_init ] --START--
INFO: Run Behavior\BuildLiteBehavior [ RunTime:0.000022s ]
INFO: [ app_init ] --END-- [ RunTime:0.001481s ]
INFO: [ app_begin ] --START--
INFO: Run Behavior\ReadHtmlCacheBehavior [ RunTime:0.000941s ]
INFO: [ app_begin ] --END-- [ RunTime:0.001020s ]
INFO: [ view_parse ] --START--
INFO: [ template_filter ] --START--
INFO: Run Behavior\ContentReplaceBehavior [ RunTime:0.002654s ]
INFO: [ template_filter ] --END-- [ RunTime:0.002726s ]
INFO: Run Behavior\ParseTemplateBehavior [ RunTime:0.012607s ]
INFO: [ view_parse ] --END-- [ RunTime:0.012685s ]
INFO: [ view_filter ] --START--
INFO: Run Behavior\WriteHtmlCacheBehavior [ RunTime:0.000587s ]
INFO: [ view_filter ] --END-- [ RunTime:0.000636s ]
INFO: [ app_end ] --START--
INFO: Run Behavior\ShowPageTraceBehavior [ RunTime:0.000783s ]
INFO: [ app_end ] --END-- [ RunTime:0.000834s ]

[ 2017-10-29T16:52:17+08:00 ] 127.0.0.1 /
INFO: [ app_init ] --START--
INFO: Run Behavior\BuildLiteBehavior [ RunTime:0.000024s ]
INFO: [ app_init ] --END-- [ RunTime:0.000656s ]
INFO: [ app_begin ] --START--
INFO: Run Behavior\ReadHtmlCacheBehavior [ RunTime:0.000857s ]
INFO: [ app_begin ] --END-- [ RunTime:0.000931s ]
INFO: [ app_end ] --START--
INFO: Run Behavior\ShowPageTraceBehavior [ RunTime:0.000752s ]
INFO: [ app_end ] --END-- [ RunTime:0.000820s ]

[ 2017-10-29T16:53:10+08:00 ] 127.0.0.1 /
INFO: [ app_init ] --START--
INFO: Run Behavior\BuildLiteBehavior [ RunTime:0.000016s ]
INFO: [ app_init ] --END-- [ RunTime:0.000601s ]
INFO: [ app_begin ] --START--
INFO: Run Behavior\ReadHtmlCacheBehavior [ RunTime:0.000836s ]
INFO: [ app_begin ] --END-- [ RunTime:0.000897s ]
INFO: [ app_end ] --START--
INFO: Run Behavior\ShowPageTraceBehavior [ RunTime:0.000877s ]
INFO: [ app_end ] --END-- [ RunTime:0.000949s ]

[ 2017-10-29T16:53:33+08:00 ] 127.0.0.1 /home/index/detll
INFO: [ app_init ] --START--
INFO: Run Behavior\BuildLiteBehavior [ RunTime:0.000016s ]
INFO: [ app_init ] --END-- [ RunTime:0.000609s ]
INFO: [ app_begin ] --START--
INFO: Run Behavior\ReadHtmlCacheBehavior [ RunTime:0.000782s ]
INFO: [ app_begin ] --END-- [ RunTime:0.000839s ]
INFO: [ app_end ] --START--
INFO: Run Behavior\ShowPageTraceBehavior [ RunTime:0.000783s ]
INFO: [ app_end ] --END-- [ RunTime:0.000847s ]

[ 2017-10-29T17:02:51+08:00 ] 127.0.0.1 /home/index/detll
INFO: [ app_init ] --START--
INFO: Run Behavior\BuildLiteBehavior [ RunTime:0.000019s ]
INFO: [ app_init ] --END-- [ RunTime:0.000678s ]
INFO: [ app_begin ] --START--
INFO: Run Behavior\ReadHtmlCacheBehavior [ RunTime:0.000884s ]
INFO: [ app_begin ] --END-- [ RunTime:0.000959s ]
SQL: SHOW COLUMNS FROM `blog` [ RunTime:0.0349s ]
SQL: SELECT * FROM `blog`  [ RunTime:0.0006s ]
INFO: [ app_end ] --START--
INFO: Run Behavior\ShowPageTraceBehavior [ RunTime:0.000951s ]
INFO: [ app_end ] --END-- [ RunTime:0.001010s ]

[ 2017-10-29T17:03:00+08:00 ] 127.0.0.1 /home/index/detll
INFO: [ app_init ] --START--
INFO: Run Behavior\BuildLiteBehavior [ RunTime:0.000027s ]
INFO: [ app_init ] --END-- [ RunTime:0.000865s ]
INFO: [ app_begin ] --START--
INFO: Run Behavior\ReadHtmlCacheBehavior [ RunTime:0.000903s ]
INFO: [ app_begin ] --END-- [ RunTime:0.001001s ]
SQL: SHOW COLUMNS FROM `blog` [ RunTime:0.0130s ]
SQL: SELECT * FROM `blog`  [ RunTime:0.0008s ]
INFO: [ app_end ] --START--
INFO: Run Behavior\ShowPageTraceBehavior [ RunTime:0.001068s ]
INFO: [ app_end ] --END-- [ RunTime:0.001231s ]

