[ 2018-01-14T15:29:49+08:00 ] 127.0.0.1 /
INFO: [ app_init ] --START--
INFO: Run Behavior\BuildLiteBehavior [ RunTime:0.000022s ]
INFO: [ app_init ] --END-- [ RunTime:0.013345s ]
INFO: [ app_begin ] --START--
INFO: Run Behavior\ReadHtmlCacheBehavior [ RunTime:0.009787s ]
INFO: [ app_begin ] --END-- [ RunTime:0.009871s ]
NOTIC: [8] A session had already been started - ignoring session_start() E:\xampp\htdocs\mythink\ThinkPHP\Common\functions.php 第 1263 行.
SQL: SHOW COLUMNS FROM `blog` [ RunTime:0.0496s ]
SQL: SHOW COLUMNS FROM `classify` [ RunTime:0.0340s ]
SQL: SELECT * FROM `blog` WHERE ( status=1 ) ORDER BY id desc LIMIT 0,5   [ RunTime:0.0005s ]
SQL: SELECT * FROM `classify` WHERE ( id = 10 ) LIMIT 1   [ RunTime:0.0003s ]
SQL: SELECT * FROM `classify` WHERE ( id = 3 ) LIMIT 1   [ RunTime:0.0003s ]
SQL: SELECT * FROM `classify` WHERE ( id = 3 ) LIMIT 1   [ RunTime:0.0003s ]
SQL: SELECT * FROM `classify` WHERE ( id = 3 ) LIMIT 1   [ RunTime:0.0003s ]
SQL: SELECT * FROM `classify` WHERE ( id = 9 ) LIMIT 1   [ RunTime:0.0003s ]
INFO: [ view_parse ] --START--
INFO: [ template_filter ] --START--
INFO: Run Behavior\ContentReplaceBehavior [ RunTime:0.000061s ]
INFO: [ template_filter ] --END-- [ RunTime:0.000132s ]
INFO: Run Behavior\ParseTemplateBehavior [ RunTime:0.091565s ]
INFO: [ view_parse ] --END-- [ RunTime:0.091658s ]
INFO: [ view_filter ] --START--
INFO: Run Behavior\WriteHtmlCacheBehavior [ RunTime:0.013603s ]
INFO: [ view_filter ] --END-- [ RunTime:0.013674s ]
INFO: [ app_end ] --START--
INFO: Run Behavior\ShowPageTraceBehavior [ RunTime:0.002461s ]
INFO: [ app_end ] --END-- [ RunTime:0.002531s ]

[ 2018-01-14T15:30:01+08:00 ] 127.0.0.1 /Home/Home/getBlogInfo/id/41
INFO: [ app_init ] --START--
INFO: Run Behavior\BuildLiteBehavior [ RunTime:0.000016s ]
INFO: [ app_init ] --END-- [ RunTime:0.000572s ]
INFO: [ app_begin ] --START--
INFO: Run Behavior\ReadHtmlCacheBehavior [ RunTime:0.000861s ]
INFO: [ app_begin ] --END-- [ RunTime:0.000921s ]
NOTIC: [8] A session had already been started - ignoring session_start() E:\xampp\htdocs\mythink\ThinkPHP\Common\functions.php 第 1263 行.
NOTIC: [2048] Declaration of Home\Model\BaseModel::add() should be compatible with Think\Model::add($data = '', $options = Array, $replace = false) E:\xampp\htdocs\mythink\Application\Home\Model\BaseModel.class.php 第 4 行.
SQL: SHOW COLUMNS FROM `blog` [ RunTime:0.0165s ]
SQL: SHOW COLUMNS FROM `classify` [ RunTime:0.0027s ]
SQL: SHOW COLUMNS FROM `comment` [ RunTime:0.0291s ]
SQL: SHOW COLUMNS FROM `user` [ RunTime:0.0322s ]
SQL: SELECT * FROM `blog` WHERE ( id= 41 ) LIMIT 1   [ RunTime:0.0004s ]
SQL: SELECT * FROM `blog` WHERE ( status=1 and classify_id = 10 ) ORDER BY id asc LIMIT 0,20   [ RunTime:0.0004s ]
SQL: SELECT * FROM `blog` WHERE ( status=1 and classify_id = 10 and id != 41 ) ORDER BY id asc LIMIT 0,10   [ RunTime:0.0004s ]
SQL: SHOW COLUMNS FROM `comment` [ RunTime:0.0032s ]
SQL: SELECT * FROM `comment` WHERE ( blog_id =41 )  [ RunTime:0.0004s ]
SQL: SELECT COUNT(*) AS tp_count FROM `comment` WHERE ( blog_id =41 ) LIMIT 1   [ RunTime:0.0003s ]
SQL: SHOW COLUMNS FROM `zan` [ RunTime:0.0201s ]
SQL: SHOW COLUMNS FROM `zan` [ RunTime:0.0025s ]
SQL: SELECT * FROM `zan` WHERE ( user_id = 0 and comment_id=36 ) LIMIT 1   [ RunTime:0.0023s ]
SQL: SHOW COLUMNS FROM `user` [ RunTime:0.0034s ]
SQL: SELECT * FROM `user` WHERE ( id=12 ) LIMIT 1   [ RunTime:0.0004s ]
INFO: [ view_parse ] --START--
INFO: [ template_filter ] --START--
INFO: Run Behavior\ContentReplaceBehavior [ RunTime:0.000074s ]
INFO: [ template_filter ] --END-- [ RunTime:0.000139s ]
NOTIC: [8] Undefined index: me E:\xampp\htdocs\mythink\Application\Runtime\Cache\Home\2a54d1948cb8300e37c1d9425554c216.php 第 66 行.
NOTIC: [8] Undefined index: me E:\xampp\htdocs\mythink\Application\Runtime\Cache\Home\2a54d1948cb8300e37c1d9425554c216.php 第 85 行.
NOTIC: [8] Undefined index: me E:\xampp\htdocs\mythink\Application\Runtime\Cache\Home\2a54d1948cb8300e37c1d9425554c216.php 第 112 行.
INFO: Run Behavior\ParseTemplateBehavior [ RunTime:0.022933s ]
INFO: [ view_parse ] --END-- [ RunTime:0.023012s ]
INFO: [ view_filter ] --START--
INFO: Run Behavior\WriteHtmlCacheBehavior [ RunTime:0.000753s ]
INFO: [ view_filter ] --END-- [ RunTime:0.000808s ]
INFO: [ app_end ] --START--
INFO: Run Behavior\ShowPageTraceBehavior [ RunTime:0.000877s ]
INFO: [ app_end ] --END-- [ RunTime:0.000930s ]

