[ 2017-11-07T17:24:43+08:00 ] 127.0.0.1 /favicon.ico
INFO: [ app_init ] --START--
INFO: Run Behavior\BuildLiteBehavior [ RunTime:0.000019s ]
INFO: [ app_init ] --END-- [ RunTime:0.000778s ]
ERR: 无法加载模块:Favicon

[ 2017-11-07T17:41:11+08:00 ] 127.0.0.1 /blog/2017-11-05/59fec14f2e555.png
INFO: [ app_init ] --START--
INFO: Run Behavior\BuildLiteBehavior [ RunTime:0.000017s ]
INFO: [ app_init ] --END-- [ RunTime:0.000547s ]
ERR: 无法加载模块:Blog

[ 2017-11-07T17:41:14+08:00 ] 127.0.0.1 /blog/2017-11-05/59fec14f2e555.png
INFO: [ app_init ] --START--
INFO: Run Behavior\BuildLiteBehavior [ RunTime:0.000027s ]
INFO: [ app_init ] --END-- [ RunTime:0.000635s ]
ERR: 无法加载模块:Blog

[ 2017-11-07T17:41:24+08:00 ] 127.0.0.1 /blog/2017-11-05/59fec14f2e555.png
INFO: [ app_init ] --START--
INFO: Run Behavior\BuildLiteBehavior [ RunTime:0.000022s ]
INFO: [ app_init ] --END-- [ RunTime:0.001072s ]
ERR: 无法加载模块:Blog

[ 2017-11-07T17:41:24+08:00 ] 127.0.0.1 /blog/2017-11-05/59febf58ea290.png
INFO: [ app_init ] --START--
INFO: Run Behavior\BuildLiteBehavior [ RunTime:0.000018s ]
INFO: [ app_init ] --END-- [ RunTime:0.000556s ]
ERR: 无法加载模块:Blog

[ 2017-11-07T17:42:05+08:00 ] 127.0.0.1 /blog/2017-11-05/59fec14f2e555.png
INFO: [ app_init ] --START--
INFO: Run Behavior\BuildLiteBehavior [ RunTime:0.000018s ]
INFO: [ app_init ] --END-- [ RunTime:0.000680s ]
ERR: 无法加载模块:Blog

[ 2017-11-07T17:42:05+08:00 ] 127.0.0.1 /blog/2017-11-05/59febf58ea290.png
INFO: [ app_init ] --START--
INFO: Run Behavior\BuildLiteBehavior [ RunTime:0.000028s ]
INFO: [ app_init ] --END-- [ RunTime:0.002190s ]
ERR: 无法加载模块:Blog

[ 2017-11-07T17:44:34+08:00 ] 127.0.0.1 /Uploads/Uploads/blog/2017-11-04/59fd79fce0750.png
INFO: [ app_init ] --START--
INFO: Run Behavior\BuildLiteBehavior [ RunTime:0.000030s ]
INFO: [ app_init ] --END-- [ RunTime:0.004138s ]
ERR: 无法加载模块:Uploads

[ 2017-11-07T17:44:34+08:00 ] 127.0.0.1 /Uploads/Public/upload/img_15097783856365662.png
INFO: [ app_init ] --START--
INFO: Run Behavior\BuildLiteBehavior [ RunTime:0.000031s ]
INFO: [ app_init ] --END-- [ RunTime:0.000936s ]
ERR: 无法加载模块:Uploads

[ 2017-11-07T17:44:34+08:00 ] 127.0.0.1 /Uploads/Uploads/blog/2017-11-04/59fd787a8749f.png
INFO: [ app_init ] --START--
INFO: Run Behavior\BuildLiteBehavior [ RunTime:0.000019s ]
INFO: [ app_init ] --END-- [ RunTime:0.000750s ]
ERR: 无法加载模块:Uploads

[ 2017-11-07T18:07:27+08:00 ] 127.0.0.1 /index.php/Application/Admin/View/blog/lists.html.html
INFO: [ app_init ] --START--
INFO: Run Behavior\BuildLiteBehavior [ RunTime:0.000022s ]
INFO: [ app_init ] --END-- [ RunTime:0.000958s ]
ERR: 无法加载模块:Application

[ 2017-11-07T18:07:49+08:00 ] 127.0.0.1 /index.php/Application/Admin/View/blog/lists.html.html
INFO: [ app_init ] --START--
INFO: Run Behavior\BuildLiteBehavior [ RunTime:0.000020s ]
INFO: [ app_init ] --END-- [ RunTime:0.000987s ]
ERR: 无法加载模块:Application

[ 2017-11-07T18:07:51+08:00 ] 127.0.0.1 /index.php/Application/Admin/View/blog/lists.html.html
INFO: [ app_init ] --START--
INFO: Run Behavior\BuildLiteBehavior [ RunTime:0.000019s ]
INFO: [ app_init ] --END-- [ RunTime:0.000776s ]
ERR: 无法加载模块:Application

[ 2017-11-07T18:08:13+08:00 ] 127.0.0.1 /index.php/Application/Admin/View/blog/lists.html.html
INFO: [ app_init ] --START--
INFO: Run Behavior\BuildLiteBehavior [ RunTime:0.000019s ]
INFO: [ app_init ] --END-- [ RunTime:0.000659s ]
ERR: 无法加载模块:Application

[ 2017-11-07T18:08:21+08:00 ] 127.0.0.1 /index.php/Application/Admin/View/blog/lists.html.html
INFO: [ app_init ] --START--
INFO: Run Behavior\BuildLiteBehavior [ RunTime:0.000018s ]
INFO: [ app_init ] --END-- [ RunTime:0.000879s ]
ERR: 无法加载模块:Application

[ 2017-11-07T18:37:25+08:00 ] 127.0.0.1 /blog/2017-11-07/5a018618c6e7f.png
INFO: [ app_init ] --START--
INFO: Run Behavior\BuildLiteBehavior [ RunTime:0.000016s ]
INFO: [ app_init ] --END-- [ RunTime:0.000624s ]
ERR: 无法加载模块:Blog

[ 2017-11-07T18:37:25+08:00 ] 127.0.0.1 /blog/2017-11-07/5a0185de3827f.png
INFO: [ app_init ] --START--
INFO: Run Behavior\BuildLiteBehavior [ RunTime:0.000017s ]
INFO: [ app_init ] --END-- [ RunTime:0.000651s ]
ERR: 无法加载模块:Blog

[ 2017-11-07T18:37:25+08:00 ] 127.0.0.1 /blog/2017-11-07/5a01876f137bb.png
INFO: [ app_init ] --START--
INFO: Run Behavior\BuildLiteBehavior [ RunTime:0.000017s ]
INFO: [ app_init ] --END-- [ RunTime:0.000566s ]
ERR: 无法加载模块:Blog

[ 2017-11-07T21:48:10+08:00 ] 127.0.0.1 /blog/2017-11-07/5a01876f137bb.png
INFO: [ app_init ] --START--
INFO: Run Behavior\BuildLiteBehavior [ RunTime:0.000019s ]
INFO: [ app_init ] --END-- [ RunTime:0.000846s ]
ERR: 无法加载模块:Blog

[ 2017-11-07T21:48:10+08:00 ] 127.0.0.1 /blog/2017-11-07/5a018618c6e7f.png
INFO: [ app_init ] --START--
INFO: Run Behavior\BuildLiteBehavior [ RunTime:0.000019s ]
INFO: [ app_init ] --END-- [ RunTime:0.000711s ]
ERR: 无法加载模块:Blog

[ 2017-11-07T21:48:10+08:00 ] 127.0.0.1 /blog/2017-11-07/5a01b340e09d8.png
INFO: [ app_init ] --START--
INFO: Run Behavior\BuildLiteBehavior [ RunTime:0.000034s ]
INFO: [ app_init ] --END-- [ RunTime:0.001213s ]
ERR: 无法加载模块:Blog

[ 2017-11-07T21:48:10+08:00 ] 127.0.0.1 /blog/2017-11-07/5a01b33725265.png
INFO: [ app_init ] --START--
INFO: Run Behavior\BuildLiteBehavior [ RunTime:0.000027s ]
INFO: [ app_init ] --END-- [ RunTime:0.001030s ]
ERR: 无法加载模块:Blog

[ 2017-11-07T21:48:12+08:00 ] 127.0.0.1 /blog/2017-11-07/5a01876f137bb.png
INFO: [ app_init ] --START--
INFO: Run Behavior\BuildLiteBehavior [ RunTime:0.000019s ]
INFO: [ app_init ] --END-- [ RunTime:0.000827s ]
ERR: 无法加载模块:Blog

[ 2017-11-07T21:48:12+08:00 ] 127.0.0.1 /blog/2017-11-07/5a018618c6e7f.png
INFO: [ app_init ] --START--
INFO: Run Behavior\BuildLiteBehavior [ RunTime:0.000025s ]
INFO: [ app_init ] --END-- [ RunTime:0.001083s ]
ERR: 无法加载模块:Blog

[ 2017-11-07T21:48:12+08:00 ] 127.0.0.1 /blog/2017-11-07/5a01b340e09d8.png
INFO: [ app_init ] --START--
INFO: Run Behavior\BuildLiteBehavior [ RunTime:0.000035s ]
INFO: [ app_init ] --END-- [ RunTime:0.001479s ]
ERR: 无法加载模块:Blog

[ 2017-11-07T21:48:12+08:00 ] 127.0.0.1 /blog/2017-11-07/5a01b33725265.png
INFO: [ app_init ] --START--
INFO: Run Behavior\BuildLiteBehavior [ RunTime:0.000047s ]
INFO: [ app_init ] --END-- [ RunTime:0.001989s ]
ERR: 无法加载模块:Blog

[ 2017-11-07T21:48:16+08:00 ] 127.0.0.1 /blog/2017-11-07/5a01876f137bb.png
INFO: [ app_init ] --START--
INFO: Run Behavior\BuildLiteBehavior [ RunTime:0.000030s ]
INFO: [ app_init ] --END-- [ RunTime:0.001070s ]
ERR: 无法加载模块:Blog

[ 2017-11-07T21:48:17+08:00 ] 127.0.0.1 /blog/2017-11-07/5a018618c6e7f.png
INFO: [ app_init ] --START--
INFO: Run Behavior\BuildLiteBehavior [ RunTime:0.000039s ]
INFO: [ app_init ] --END-- [ RunTime:0.001567s ]
ERR: 无法加载模块:Blog

[ 2017-11-07T21:48:17+08:00 ] 127.0.0.1 /blog/2017-11-07/5a01b340e09d8.png
INFO: [ app_init ] --START--
INFO: Run Behavior\BuildLiteBehavior [ RunTime:0.000049s ]
INFO: [ app_init ] --END-- [ RunTime:0.001930s ]
ERR: 无法加载模块:Blog

[ 2017-11-07T21:48:20+08:00 ] 127.0.0.1 /blog/2017-11-07/5a01876f137bb.png
INFO: [ app_init ] --START--
INFO: Run Behavior\BuildLiteBehavior [ RunTime:0.000065s ]
INFO: [ app_init ] --END-- [ RunTime:0.001517s ]
ERR: 无法加载模块:Blog

[ 2017-11-07T21:48:20+08:00 ] 127.0.0.1 /blog/2017-11-07/5a01b340e09d8.png
INFO: [ app_init ] --START--
INFO: Run Behavior\BuildLiteBehavior [ RunTime:0.000021s ]
INFO: [ app_init ] --END-- [ RunTime:0.000933s ]
ERR: 无法加载模块:Blog

[ 2017-11-07T21:48:20+08:00 ] 127.0.0.1 /blog/2017-11-07/5a018618c6e7f.png
INFO: [ app_init ] --START--
INFO: Run Behavior\BuildLiteBehavior [ RunTime:0.000049s ]
INFO: [ app_init ] --END-- [ RunTime:0.001430s ]
ERR: 无法加载模块:Blog

[ 2017-11-07T21:48:20+08:00 ] 127.0.0.1 /blog/2017-11-07/5a01b33725265.png
INFO: [ app_init ] --START--
INFO: Run Behavior\BuildLiteBehavior [ RunTime:0.000027s ]
INFO: [ app_init ] --END-- [ RunTime:0.000762s ]
ERR: 无法加载模块:Blog

[ 2017-11-07T21:48:23+08:00 ] 127.0.0.1 /blog/2017-11-07/5a01876f137bb.png
INFO: [ app_init ] --START--
INFO: Run Behavior\BuildLiteBehavior [ RunTime:0.000025s ]
INFO: [ app_init ] --END-- [ RunTime:0.000685s ]
ERR: 无法加载模块:Blog

[ 2017-11-07T21:48:23+08:00 ] 127.0.0.1 /blog/2017-11-07/5a018618c6e7f.png
INFO: [ app_init ] --START--
INFO: Run Behavior\BuildLiteBehavior [ RunTime:0.000069s ]
INFO: [ app_init ] --END-- [ RunTime:0.001886s ]
ERR: 无法加载模块:Blog

[ 2017-11-07T21:48:23+08:00 ] 127.0.0.1 /blog/2017-11-07/5a01b340e09d8.png
INFO: [ app_init ] --START--
INFO: Run Behavior\BuildLiteBehavior [ RunTime:0.000019s ]
INFO: [ app_init ] --END-- [ RunTime:0.000743s ]
ERR: 无法加载模块:Blog

[ 2017-11-07T21:48:26+08:00 ] 127.0.0.1 /blog/2017-11-07/5a01b33725265.png
INFO: [ app_init ] --START--
INFO: Run Behavior\BuildLiteBehavior [ RunTime:0.000021s ]
INFO: [ app_init ] --END-- [ RunTime:0.000850s ]
ERR: 无法加载模块:Blog

[ 2017-11-07T21:48:28+08:00 ] 127.0.0.1 /blog/2017-11-07/5a01876f137bb.png
INFO: [ app_init ] --START--
INFO: Run Behavior\BuildLiteBehavior [ RunTime:0.000029s ]
INFO: [ app_init ] --END-- [ RunTime:0.001619s ]
ERR: 无法加载模块:Blog

[ 2017-11-07T21:48:28+08:00 ] 127.0.0.1 /blog/2017-11-07/5a018618c6e7f.png
INFO: [ app_init ] --START--
INFO: Run Behavior\BuildLiteBehavior [ RunTime:0.000029s ]
INFO: [ app_init ] --END-- [ RunTime:0.001304s ]
ERR: 无法加载模块:Blog

[ 2017-11-07T21:48:28+08:00 ] 127.0.0.1 /blog/2017-11-07/5a01b340e09d8.png
INFO: [ app_init ] --START--
INFO: Run Behavior\BuildLiteBehavior [ RunTime:0.000019s ]
INFO: [ app_init ] --END-- [ RunTime:0.000666s ]
ERR: 无法加载模块:Blog

[ 2017-11-07T21:50:02+08:00 ] 127.0.0.1 /blog/2017-11-07/5a01876f137bb.png
INFO: [ app_init ] --START--
INFO: Run Behavior\BuildLiteBehavior [ RunTime:0.000028s ]
INFO: [ app_init ] --END-- [ RunTime:0.000937s ]
ERR: 无法加载模块:Blog

[ 2017-11-07T21:50:02+08:00 ] 127.0.0.1 /blog/2017-11-07/5a01b340e09d8.png
INFO: [ app_init ] --START--
INFO: Run Behavior\BuildLiteBehavior [ RunTime:0.000030s ]
INFO: [ app_init ] --END-- [ RunTime:0.001137s ]
ERR: 无法加载模块:Blog

[ 2017-11-07T21:50:02+08:00 ] 127.0.0.1 /blog/2017-11-07/5a018618c6e7f.png
INFO: [ app_init ] --START--
INFO: Run Behavior\BuildLiteBehavior [ RunTime:0.000034s ]
INFO: [ app_init ] --END-- [ RunTime:0.002403s ]
ERR: 无法加载模块:Blog

[ 2017-11-07T21:50:16+08:00 ] 127.0.0.1 /blog/2017-11-07/5a01876f137bb.png
INFO: [ app_init ] --START--
INFO: Run Behavior\BuildLiteBehavior [ RunTime:0.000026s ]
INFO: [ app_init ] --END-- [ RunTime:0.000581s ]
ERR: 无法加载模块:Blog

[ 2017-11-07T21:50:16+08:00 ] 127.0.0.1 /blog/2017-11-07/5a018618c6e7f.png
INFO: [ app_init ] --START--
INFO: Run Behavior\BuildLiteBehavior [ RunTime:0.000027s ]
INFO: [ app_init ] --END-- [ RunTime:0.000986s ]
ERR: 无法加载模块:Blog

[ 2017-11-07T21:50:16+08:00 ] 127.0.0.1 /blog/2017-11-07/5a01b340e09d8.png
INFO: [ app_init ] --START--
INFO: Run Behavior\BuildLiteBehavior [ RunTime:0.000033s ]
INFO: [ app_init ] --END-- [ RunTime:0.001491s ]
ERR: 无法加载模块:Blog

[ 2017-11-07T21:50:18+08:00 ] 127.0.0.1 /blog/2017-11-07/5a01876f137bb.png
INFO: [ app_init ] --START--
INFO: Run Behavior\BuildLiteBehavior [ RunTime:0.000028s ]
INFO: [ app_init ] --END-- [ RunTime:0.000954s ]
ERR: 无法加载模块:Blog

[ 2017-11-07T21:50:18+08:00 ] 127.0.0.1 /blog/2017-11-07/5a018618c6e7f.png
INFO: [ app_init ] --START--
INFO: Run Behavior\BuildLiteBehavior [ RunTime:0.000022s ]
INFO: [ app_init ] --END-- [ RunTime:0.001066s ]
ERR: 无法加载模块:Blog

[ 2017-11-07T21:50:18+08:00 ] 127.0.0.1 /blog/2017-11-07/5a01b340e09d8.png
INFO: [ app_init ] --START--
INFO: Run Behavior\BuildLiteBehavior [ RunTime:0.000018s ]
INFO: [ app_init ] --END-- [ RunTime:0.000580s ]
ERR: 无法加载模块:Blog

