[ 2018-04-14T15:54:09+08:00 ] 192.168.1.108 /api/index/index
INFO: [ app_init ] --START--
INFO: Run Behavior\BuildLiteBehavior [ RunTime:0.000000s ]
INFO: [ app_init ] --END-- [ RunTime:0.000000s ]
INFO: [ app_begin ] --START--
INFO: Run Behavior\ReadHtmlCacheBehavior [ RunTime:0.000000s ]
INFO: [ app_begin ] --END-- [ RunTime:0.000000s ]
NOTIC: [8] A session had already been started - ignoring session_start() E:\xampp\htdocs\mythink\ThinkPHP\Common\functions.php 第 1263 行.
NOTIC: [2048] Declaration of Api\Model\BaseModel::add() should be compatible with Think\Model::add($data = '', $options = Array, $replace = false) E:\xampp\htdocs\mythink\Application\Api\Model\BaseModel.class.php 第 4 行.
SQL: SHOW COLUMNS FROM `blog` [ RunTime:0.0080s ]
SQL: SHOW COLUMNS FROM `user` [ RunTime:0.0080s ]
SQL: SHOW COLUMNS FROM `classify` [ RunTime:0.0080s ]
SQL: SHOW COLUMNS FROM `banner` [ RunTime:0.0060s ]
SQL: SELECT * FROM `blog` WHERE ( status=1 )  [ RunTime:0.0000s ]
NOTIC: [8] Undefined index: classify_name E:\xampp\htdocs\mythink\Application\Api\Model\BlogModel.class.php 第 9 行.
NOTIC: [8] Undefined index: user_id E:\xampp\htdocs\mythink\Application\Api\Model\BlogModel.class.php 第 10 行.
NOTIC: [2] Illegal string offset 'classify_id' E:\xampp\htdocs\mythink\Application\Api\Controller\IndexController.class.php 第 17 行.
SQL: SELECT * FROM `classify` WHERE `id` = 3 LIMIT 1   [ RunTime:0.0010s ]
NOTIC: [2] Illegal string offset 'classify_id' E:\xampp\htdocs\mythink\Application\Api\Controller\IndexController.class.php 第 17 行.
SQL: SELECT * FROM `classify` WHERE `id` = 1 LIMIT 1   [ RunTime:0.0000s ]
NOTIC: [2] Illegal string offset 'classify_id' E:\xampp\htdocs\mythink\Application\Api\Controller\IndexController.class.php 第 17 行.
SQL: SELECT * FROM `classify` WHERE `id` = 1 LIMIT 1   [ RunTime:0.0000s ]
NOTIC: [2] Illegal string offset 'classify_id' E:\xampp\htdocs\mythink\Application\Api\Controller\IndexController.class.php 第 17 行.
SQL: SELECT * FROM `classify` WHERE `id` = 0 LIMIT 1   [ RunTime:0.0010s ]
NOTIC: [2] Illegal string offset 'classify_id' E:\xampp\htdocs\mythink\Application\Api\Controller\IndexController.class.php 第 17 行.
SQL: SELECT * FROM `classify` WHERE `id` = 5 LIMIT 1   [ RunTime:0.0000s ]
NOTIC: [2] Illegal string offset 'classify_id' E:\xampp\htdocs\mythink\Application\Api\Controller\IndexController.class.php 第 17 行.
SQL: SELECT * FROM `classify` WHERE `id` = 1 LIMIT 1   [ RunTime:0.0000s ]
NOTIC: [2] Illegal string offset 'classify_id' E:\xampp\htdocs\mythink\Application\Api\Controller\IndexController.class.php 第 17 行.
SQL: SELECT * FROM `classify` WHERE `id` = 2 LIMIT 1   [ RunTime:0.0010s ]
NOTIC: [2] Illegal string offset 'classify_id' E:\xampp\htdocs\mythink\Application\Api\Controller\IndexController.class.php 第 17 行.
SQL: SELECT * FROM `classify` WHERE `id` = 0 LIMIT 1   [ RunTime:0.0000s ]
NOTIC: [2] Illegal string offset 'classify_id' E:\xampp\htdocs\mythink\Application\Api\Controller\IndexController.class.php 第 17 行.
SQL: SELECT * FROM `classify` WHERE `id` = 1 LIMIT 1   [ RunTime:0.0000s ]
NOTIC: [8] Undefined index: classify_name E:\xampp\htdocs\mythink\Application\Api\Model\BlogModel.class.php 第 9 行.
NOTIC: [8] Undefined index: user_id E:\xampp\htdocs\mythink\Application\Api\Model\BlogModel.class.php 第 10 行.
NOTIC: [2] Illegal string offset 'classify_id' E:\xampp\htdocs\mythink\Application\Api\Controller\IndexController.class.php 第 17 行.
SQL: SELECT * FROM `classify` WHERE `id` = 3 LIMIT 1   [ RunTime:0.0010s ]
NOTIC: [2] Illegal string offset 'classify_id' E:\xampp\htdocs\mythink\Application\Api\Controller\IndexController.class.php 第 17 行.
SQL: SELECT * FROM `classify` WHERE `id` = 1 LIMIT 1   [ RunTime:0.0000s ]
NOTIC: [2] Illegal string offset 'classify_id' E:\xampp\htdocs\mythink\Application\Api\Controller\IndexController.class.php 第 17 行.
SQL: SELECT * FROM `classify` WHERE `id` = 1 LIMIT 1   [ RunTime:0.0000s ]
NOTIC: [2] Illegal string offset 'classify_id' E:\xampp\htdocs\mythink\Application\Api\Controller\IndexController.class.php 第 17 行.
SQL: SELECT * FROM `classify` WHERE `id` = 0 LIMIT 1   [ RunTime:0.0010s ]
NOTIC: [2] Illegal string offset 'classify_id' E:\xampp\htdocs\mythink\Application\Api\Controller\IndexController.class.php 第 17 行.
SQL: SELECT * FROM `classify` WHERE `id` = 5 LIMIT 1   [ RunTime:0.0000s ]
NOTIC: [2] Illegal string offset 'classify_id' E:\xampp\htdocs\mythink\Application\Api\Controller\IndexController.class.php 第 17 行.
SQL: SELECT * FROM `classify` WHERE `id` = 1 LIMIT 1   [ RunTime:0.0000s ]
NOTIC: [2] Illegal string offset 'classify_id' E:\xampp\htdocs\mythink\Application\Api\Controller\IndexController.class.php 第 17 行.
SQL: SELECT * FROM `classify` WHERE `id` = 2 LIMIT 1   [ RunTime:0.0000s ]
NOTIC: [2] Illegal string offset 'classify_id' E:\xampp\htdocs\mythink\Application\Api\Controller\IndexController.class.php 第 17 行.
SQL: SELECT * FROM `classify` WHERE `id` = 2 LIMIT 1   [ RunTime:0.0000s ]
NOTIC: [2] Illegal string offset 'classify_id' E:\xampp\htdocs\mythink\Application\Api\Controller\IndexController.class.php 第 17 行.
SQL: SELECT * FROM `classify` WHERE `id` = 1 LIMIT 1   [ RunTime:0.0000s ]
NOTIC: [8] Undefined index: classify_name E:\xampp\htdocs\mythink\Application\Api\Model\BlogModel.class.php 第 9 行.
NOTIC: [8] Undefined index: user_id E:\xampp\htdocs\mythink\Application\Api\Model\BlogModel.class.php 第 10 行.
NOTIC: [2] Illegal string offset 'classify_id' E:\xampp\htdocs\mythink\Application\Api\Controller\IndexController.class.php 第 17 行.
SQL: SELECT * FROM `classify` WHERE `id` = 3 LIMIT 1   [ RunTime:0.0000s ]
NOTIC: [2] Illegal string offset 'classify_id' E:\xampp\htdocs\mythink\Application\Api\Controller\IndexController.class.php 第 17 行.
SQL: SELECT * FROM `classify` WHERE `id` = 1 LIMIT 1   [ RunTime:0.0000s ]
NOTIC: [2] Illegal string offset 'classify_id' E:\xampp\htdocs\mythink\Application\Api\Controller\IndexController.class.php 第 17 行.
SQL: SELECT * FROM `classify` WHERE `id` = 1 LIMIT 1   [ RunTime:0.0000s ]
NOTIC: [2] Illegal string offset 'classify_id' E:\xampp\htdocs\mythink\Application\Api\Controller\IndexController.class.php 第 17 行.
SQL: SELECT * FROM `classify` WHERE `id` = 0 LIMIT 1   [ RunTime:0.0000s ]
NOTIC: [2] Illegal string offset 'classify_id' E:\xampp\htdocs\mythink\Application\Api\Controller\IndexController.class.php 第 17 行.
SQL: SELECT * FROM `classify` WHERE `id` = 9 LIMIT 1   [ RunTime:0.0010s ]
NOTIC: [2] Illegal string offset 'classify_id' E:\xampp\htdocs\mythink\Application\Api\Controller\IndexController.class.php 第 17 行.
SQL: SELECT * FROM `classify` WHERE `id` = 1 LIMIT 1   [ RunTime:0.0000s ]
NOTIC: [2] Illegal string offset 'classify_id' E:\xampp\htdocs\mythink\Application\Api\Controller\IndexController.class.php 第 17 行.
SQL: SELECT * FROM `classify` WHERE `id` = 2 LIMIT 1   [ RunTime:0.0000s ]
NOTIC: [2] Illegal string offset 'classify_id' E:\xampp\htdocs\mythink\Application\Api\Controller\IndexController.class.php 第 17 行.
SQL: SELECT * FROM `classify` WHERE `id` = 2 LIMIT 1   [ RunTime:0.0010s ]
NOTIC: [2] Illegal string offset 'classify_id' E:\xampp\htdocs\mythink\Application\Api\Controller\IndexController.class.php 第 17 行.
SQL: SELECT * FROM `classify` WHERE `id` = 1 LIMIT 1   [ RunTime:0.0000s ]
NOTIC: [8] Undefined index: classify_name E:\xampp\htdocs\mythink\Application\Api\Model\BlogModel.class.php 第 9 行.
NOTIC: [8] Undefined index: user_id E:\xampp\htdocs\mythink\Application\Api\Model\BlogModel.class.php 第 10 行.
NOTIC: [2] Illegal string offset 'classify_id' E:\xampp\htdocs\mythink\Application\Api\Controller\IndexController.class.php 第 17 行.
SQL: SELECT * FROM `classify` WHERE `id` = 3 LIMIT 1   [ RunTime:0.0000s ]
NOTIC: [2] Illegal string offset 'classify_id' E:\xampp\htdocs\mythink\Application\Api\Controller\IndexController.class.php 第 17 行.
SQL: SELECT * FROM `classify` WHERE `id` = 0 LIMIT 1   [ RunTime:0.0010s ]
NOTIC: [2] Illegal string offset 'classify_id' E:\xampp\htdocs\mythink\Application\Api\Controller\IndexController.class.php 第 17 行.
SQL: SELECT * FROM `classify` WHERE `id` = 0 LIMIT 1   [ RunTime:0.0000s ]
NOTIC: [2] Illegal string offset 'classify_id' E:\xampp\htdocs\mythink\Application\Api\Controller\IndexController.class.php 第 17 行.
SQL: SELECT * FROM `classify` WHERE `id` = 0 LIMIT 1   [ RunTime:0.0010s ]
NOTIC: [2] Illegal string offset 'classify_id' E:\xampp\htdocs\mythink\Application\Api\Controller\IndexController.class.php 第 17 行.
SQL: SELECT * FROM `classify` WHERE `id` = 3 LIMIT 1   [ RunTime:0.0000s ]
NOTIC: [2] Illegal string offset 'classify_id' E:\xampp\htdocs\mythink\Application\Api\Controller\IndexController.class.php 第 17 行.
SQL: SELECT * FROM `classify` WHERE `id` = 1 LIMIT 1   [ RunTime:0.0000s ]
NOTIC: [2] Illegal string offset 'classify_id' E:\xampp\htdocs\mythink\Application\Api\Controller\IndexController.class.php 第 17 行.
SQL: SELECT * FROM `classify` WHERE `id` = 2 LIMIT 1   [ RunTime:0.0010s ]
NOTIC: [2] Illegal string offset 'classify_id' E:\xampp\htdocs\mythink\Application\Api\Controller\IndexController.class.php 第 17 行.
SQL: SELECT * FROM `classify` WHERE `id` = 2 LIMIT 1   [ RunTime:0.0000s ]
NOTIC: [2] Illegal string offset 'classify_id' E:\xampp\htdocs\mythink\Application\Api\Controller\IndexController.class.php 第 17 行.
SQL: SELECT * FROM `classify` WHERE `id` = 1 LIMIT 1   [ RunTime:0.0000s ]
NOTIC: [8] Undefined index: classify_name E:\xampp\htdocs\mythink\Application\Api\Model\BlogModel.class.php 第 9 行.
NOTIC: [8] Undefined index: user_id E:\xampp\htdocs\mythink\Application\Api\Model\BlogModel.class.php 第 10 行.
NOTIC: [2] Illegal string offset 'classify_id' E:\xampp\htdocs\mythink\Application\Api\Controller\IndexController.class.php 第 17 行.
SQL: SELECT * FROM `classify` WHERE `id` = 3 LIMIT 1   [ RunTime:0.0010s ]
NOTIC: [2] Illegal string offset 'classify_id' E:\xampp\htdocs\mythink\Application\Api\Controller\IndexController.class.php 第 17 行.
SQL: SELECT * FROM `classify` WHERE `id` = 0 LIMIT 1   [ RunTime:0.0000s ]
NOTIC: [2] Illegal string offset 'classify_id' E:\xampp\htdocs\mythink\Application\Api\Controller\IndexController.class.php 第 17 行.
SQL: SELECT * FROM `classify` WHERE `id` = 0 LIMIT 1   [ RunTime:0.0000s ]
NOTIC: [2] Illegal string offset 'classify_id' E:\xampp\htdocs\mythink\Application\Api\Controller\IndexController.class.php 第 17 行.
SQL: SELECT * FROM `classify` WHERE `id` = 0 LIMIT 1   [ RunTime:0.0010s ]
NOTIC: [2] Illegal string offset 'classify_id' E:\xampp\htdocs\mythink\Application\Api\Controller\IndexController.class.php 第 17 行.
SQL: SELECT * FROM `classify` WHERE `id` = 3 LIMIT 1   [ RunTime:0.0000s ]
NOTIC: [2] Illegal string offset 'classify_id' E:\xampp\htdocs\mythink\Application\Api\Controller\IndexController.class.php 第 17 行.
SQL: SELECT * FROM `classify` WHERE `id` = 1 LIMIT 1   [ RunTime:0.0000s ]
NOTIC: [2] Illegal string offset 'classify_id' E:\xampp\htdocs\mythink\Application\Api\Controller\IndexController.class.php 第 17 行.
SQL: SELECT * FROM `classify` WHERE `id` = 2 LIMIT 1   [ RunTime:0.0000s ]
NOTIC: [2] Illegal string offset 'classify_id' E:\xampp\htdocs\mythink\Application\Api\Controller\IndexController.class.php 第 17 行.
SQL: SELECT * FROM `classify` WHERE `id` = 2 LIMIT 1   [ RunTime:0.0000s ]
NOTIC: [2] Illegal string offset 'classify_id' E:\xampp\htdocs\mythink\Application\Api\Controller\IndexController.class.php 第 17 行.
SQL: SELECT * FROM `classify` WHERE `id` = 1 LIMIT 1   [ RunTime:0.0000s ]
NOTIC: [8] Undefined index: classify_name E:\xampp\htdocs\mythink\Application\Api\Model\BlogModel.class.php 第 9 行.
NOTIC: [8] Undefined index: user_id E:\xampp\htdocs\mythink\Application\Api\Model\BlogModel.class.php 第 10 行.
NOTIC: [2] Illegal string offset 'classify_id' E:\xampp\htdocs\mythink\Application\Api\Controller\IndexController.class.php 第 17 行.
SQL: SELECT * FROM `classify` WHERE `id` = 4 LIMIT 1   [ RunTime:0.0000s ]
NOTIC: [2] Illegal string offset 'classify_id' E:\xampp\htdocs\mythink\Application\Api\Controller\IndexController.class.php 第 17 行.
SQL: SELECT * FROM `classify` WHERE `id` = 0 LIMIT 1   [ RunTime:0.0010s ]
NOTIC: [2] Illegal string offset 'classify_id' E:\xampp\htdocs\mythink\Application\Api\Controller\IndexController.class.php 第 17 行.
SQL: SELECT * FROM `classify` WHERE `id` = 0 LIMIT 1   [ RunTime:0.0000s ]
NOTIC: [2] Illegal string offset 'classify_id' E:\xampp\htdocs\mythink\Application\Api\Controller\IndexController.class.php 第 17 行.
SQL: SELECT * FROM `classify` WHERE `id` = 0 LIMIT 1   [ RunTime:0.0000s ]
NOTIC: [2] Illegal string offset 'classify_id' E:\xampp\htdocs\mythink\Application\Api\Controller\IndexController.class.php 第 17 行.
SQL: SELECT * FROM `classify` WHERE `id` = 3 LIMIT 1   [ RunTime:0.0010s ]
NOTIC: [2] Illegal string offset 'classify_id' E:\xampp\htdocs\mythink\Application\Api\Controller\IndexController.class.php 第 17 行.
SQL: SELECT * FROM `classify` WHERE `id` = 1 LIMIT 1   [ RunTime:0.0000s ]
NOTIC: [2] Illegal string offset 'classify_id' E:\xampp\htdocs\mythink\Application\Api\Controller\IndexController.class.php 第 17 行.
SQL: SELECT * FROM `classify` WHERE `id` = 2 LIMIT 1   [ RunTime:0.0000s ]
NOTIC: [2] Illegal string offset 'classify_id' E:\xampp\htdocs\mythink\Application\Api\Controller\IndexController.class.php 第 17 行.
SQL: SELECT * FROM `classify` WHERE `id` = 0 LIMIT 1   [ RunTime:0.0010s ]
NOTIC: [2] Illegal string offset 'classify_id' E:\xampp\htdocs\mythink\Application\Api\Controller\IndexController.class.php 第 17 行.
SQL: SELECT * FROM `classify` WHERE `id` = 1 LIMIT 1   [ RunTime:0.0000s ]
NOTIC: [8] Undefined index: classify_name E:\xampp\htdocs\mythink\Application\Api\Model\BlogModel.class.php 第 9 行.
NOTIC: [8] Undefined index: user_id E:\xampp\htdocs\mythink\Application\Api\Model\BlogModel.class.php 第 10 行.
NOTIC: [2] Illegal string offset 'classify_id' E:\xampp\htdocs\mythink\Application\Api\Controller\IndexController.class.php 第 17 行.
SQL: SELECT * FROM `classify` WHERE `id` = 4 LIMIT 1   [ RunTime:0.0000s ]
NOTIC: [2] Illegal string offset 'classify_id' E:\xampp\htdocs\mythink\Application\Api\Controller\IndexController.class.php 第 17 行.
SQL: SELECT * FROM `classify` WHERE `id` = 0 LIMIT 1   [ RunTime:0.0000s ]
NOTIC: [2] Illegal string offset 'classify_id' E:\xampp\htdocs\mythink\Application\Api\Controller\IndexController.class.php 第 17 行.
SQL: SELECT * FROM `classify` WHERE `id` = 0 LIMIT 1   [ RunTime:0.0000s ]
NOTIC: [2] Illegal string offset 'classify_id' E:\xampp\htdocs\mythink\Application\Api\Controller\IndexController.class.php 第 17 行.
SQL: SELECT * FROM `classify` WHERE `id` = 0 LIMIT 1   [ RunTime:0.0000s ]
NOTIC: [2] Illegal string offset 'classify_id' E:\xampp\htdocs\mythink\Application\Api\Controller\IndexController.class.php 第 17 行.
SQL: SELECT * FROM `classify` WHERE `id` = 1 LIMIT 1   [ RunTime:0.0000s ]
NOTIC: [2] Illegal string offset 'classify_id' E:\xampp\htdocs\mythink\Application\Api\Controller\IndexController.class.php 第 17 行.
SQL: SELECT * FROM `classify` WHERE `id` = 1 LIMIT 1   [ RunTime:0.0010s ]
NOTIC: [2] Illegal string offset 'classify_id' E:\xampp\htdocs\mythink\Application\Api\Controller\IndexController.class.php 第 17 行.
SQL: SELECT * FROM `classify` WHERE `id` = 2 LIMIT 1   [ RunTime:0.0000s ]
NOTIC: [2] Illegal string offset 'classify_id' E:\xampp\htdocs\mythink\Application\Api\Controller\IndexController.class.php 第 17 行.
SQL: SELECT * FROM `classify` WHERE `id` = 0 LIMIT 1   [ RunTime:0.0000s ]
NOTIC: [2] Illegal string offset 'classify_id' E:\xampp\htdocs\mythink\Application\Api\Controller\IndexController.class.php 第 17 行.
SQL: SELECT * FROM `classify` WHERE `id` = 1 LIMIT 1   [ RunTime:0.0000s ]
NOTIC: [8] Undefined index: classify_name E:\xampp\htdocs\mythink\Application\Api\Model\BlogModel.class.php 第 9 行.
NOTIC: [8] Undefined index: user_id E:\xampp\htdocs\mythink\Application\Api\Model\BlogModel.class.php 第 10 行.
NOTIC: [2] Illegal string offset 'classify_id' E:\xampp\htdocs\mythink\Application\Api\Controller\IndexController.class.php 第 17 行.
SQL: SELECT * FROM `classify` WHERE `id` = 4 LIMIT 1   [ RunTime:0.0000s ]
NOTIC: [2] Illegal string offset 'classify_id' E:\xampp\htdocs\mythink\Application\Api\Controller\IndexController.class.php 第 17 行.
SQL: SELECT * FROM `classify` WHERE `id` = 1 LIMIT 1   [ RunTime:0.0000s ]
NOTIC: [2] Illegal string offset 'classify_id' E:\xampp\htdocs\mythink\Application\Api\Controller\IndexController.class.php 第 17 行.
SQL: SELECT * FROM `classify` WHERE `id` = 2 LIMIT 1   [ RunTime:0.0000s ]
NOTIC: [2] Illegal string offset 'classify_id' E:\xampp\htdocs\mythink\Application\Api\Controller\IndexController.class.php 第 17 行.
SQL: SELECT * FROM `classify` WHERE `id` = 0 LIMIT 1   [ RunTime:0.0010s ]
NOTIC: [2] Illegal string offset 'classify_id' E:\xampp\htdocs\mythink\Application\Api\Controller\IndexController.class.php 第 17 行.
SQL: SELECT * FROM `classify` WHERE `id` = 3 LIMIT 1   [ RunTime:0.0000s ]
NOTIC: [2] Illegal string offset 'classify_id' E:\xampp\htdocs\mythink\Application\Api\Controller\IndexController.class.php 第 17 行.
SQL: SELECT * FROM `classify` WHERE `id` = 1 LIMIT 1   [ RunTime:0.0010s ]
NOTIC: [2] Illegal string offset 'classify_id' E:\xampp\htdocs\mythink\Application\Api\Controller\IndexController.class.php 第 17 行.
SQL: SELECT * FROM `classify` WHERE `id` = 2 LIMIT 1   [ RunTime:0.0000s ]
NOTIC: [2] Illegal string offset 'classify_id' E:\xampp\htdocs\mythink\Application\Api\Controller\IndexController.class.php 第 17 行.
SQL: SELECT * FROM `classify` WHERE `id` = 0 LIMIT 1   [ RunTime:0.0000s ]
NOTIC: [2] Illegal string offset 'classify_id' E:\xampp\htdocs\mythink\Application\Api\Controller\IndexController.class.php 第 17 行.
SQL: SELECT * FROM `classify` WHERE `id` = 1 LIMIT 1   [ RunTime:0.0010s ]
SQL: SELECT * FROM `banner` WHERE ( status=1 )  [ RunTime:0.0000s ]

[ 2018-04-14T15:55:26+08:00 ] 127.0.0.1 /api/index
INFO: [ app_init ] --START--
INFO: Run Behavior\BuildLiteBehavior [ RunTime:0.000000s ]
INFO: [ app_init ] --END-- [ RunTime:0.000000s ]
INFO: [ app_begin ] --START--
INFO: Run Behavior\ReadHtmlCacheBehavior [ RunTime:0.001000s ]
INFO: [ app_begin ] --END-- [ RunTime:0.001000s ]
NOTIC: [8] A session had already been started - ignoring session_start() E:\xampp\htdocs\mythink\ThinkPHP\Common\functions.php 第 1263 行.
NOTIC: [2048] Declaration of Api\Model\BaseModel::add() should be compatible with Think\Model::add($data = '', $options = Array, $replace = false) E:\xampp\htdocs\mythink\Application\Api\Model\BaseModel.class.php 第 4 行.
SQL: SHOW COLUMNS FROM `blog` [ RunTime:0.0080s ]
SQL: SHOW COLUMNS FROM `user` [ RunTime:0.0100s ]
SQL: SHOW COLUMNS FROM `classify` [ RunTime:0.0080s ]
SQL: SHOW COLUMNS FROM `banner` [ RunTime:0.0080s ]
SQL: SELECT * FROM `blog` WHERE ( status=1 )  [ RunTime:0.0000s ]
NOTIC: [8] Undefined index: classify_name E:\xampp\htdocs\mythink\Application\Api\Model\BlogModel.class.php 第 9 行.
NOTIC: [8] Undefined index: user_id E:\xampp\htdocs\mythink\Application\Api\Model\BlogModel.class.php 第 10 行.
NOTIC: [2] Illegal string offset 'classify_id' E:\xampp\htdocs\mythink\Application\Api\Controller\IndexController.class.php 第 17 行.
SQL: SELECT * FROM `classify` WHERE `id` = 3 LIMIT 1   [ RunTime:0.0010s ]
NOTIC: [2] Illegal string offset 'classify_id' E:\xampp\htdocs\mythink\Application\Api\Controller\IndexController.class.php 第 17 行.
SQL: SELECT * FROM `classify` WHERE `id` = 1 LIMIT 1   [ RunTime:0.0000s ]
NOTIC: [2] Illegal string offset 'classify_id' E:\xampp\htdocs\mythink\Application\Api\Controller\IndexController.class.php 第 17 行.
SQL: SELECT * FROM `classify` WHERE `id` = 1 LIMIT 1   [ RunTime:0.0000s ]
NOTIC: [2] Illegal string offset 'classify_id' E:\xampp\htdocs\mythink\Application\Api\Controller\IndexController.class.php 第 17 行.
SQL: SELECT * FROM `classify` WHERE `id` = 0 LIMIT 1   [ RunTime:0.0000s ]
NOTIC: [2] Illegal string offset 'classify_id' E:\xampp\htdocs\mythink\Application\Api\Controller\IndexController.class.php 第 17 行.
SQL: SELECT * FROM `classify` WHERE `id` = 5 LIMIT 1   [ RunTime:0.0000s ]
NOTIC: [2] Illegal string offset 'classify_id' E:\xampp\htdocs\mythink\Application\Api\Controller\IndexController.class.php 第 17 行.
SQL: SELECT * FROM `classify` WHERE `id` = 1 LIMIT 1   [ RunTime:0.0000s ]
NOTIC: [2] Illegal string offset 'classify_id' E:\xampp\htdocs\mythink\Application\Api\Controller\IndexController.class.php 第 17 行.
SQL: SELECT * FROM `classify` WHERE `id` = 2 LIMIT 1   [ RunTime:0.0000s ]
NOTIC: [2] Illegal string offset 'classify_id' E:\xampp\htdocs\mythink\Application\Api\Controller\IndexController.class.php 第 17 行.
SQL: SELECT * FROM `classify` WHERE `id` = 0 LIMIT 1   [ RunTime:0.0010s ]
NOTIC: [2] Illegal string offset 'classify_id' E:\xampp\htdocs\mythink\Application\Api\Controller\IndexController.class.php 第 17 行.
SQL: SELECT * FROM `classify` WHERE `id` = 1 LIMIT 1   [ RunTime:0.0000s ]
NOTIC: [8] Undefined index: classify_name E:\xampp\htdocs\mythink\Application\Api\Model\BlogModel.class.php 第 9 行.
NOTIC: [8] Undefined index: user_id E:\xampp\htdocs\mythink\Application\Api\Model\BlogModel.class.php 第 10 行.
NOTIC: [2] Illegal string offset 'classify_id' E:\xampp\htdocs\mythink\Application\Api\Controller\IndexController.class.php 第 17 行.
SQL: SELECT * FROM `classify` WHERE `id` = 3 LIMIT 1   [ RunTime:0.0000s ]
NOTIC: [2] Illegal string offset 'classify_id' E:\xampp\htdocs\mythink\Application\Api\Controller\IndexController.class.php 第 17 行.
SQL: SELECT * FROM `classify` WHERE `id` = 1 LIMIT 1   [ RunTime:0.0000s ]
NOTIC: [2] Illegal string offset 'classify_id' E:\xampp\htdocs\mythink\Application\Api\Controller\IndexController.class.php 第 17 行.
SQL: SELECT * FROM `classify` WHERE `id` = 1 LIMIT 1   [ RunTime:0.0000s ]
NOTIC: [2] Illegal string offset 'classify_id' E:\xampp\htdocs\mythink\Application\Api\Controller\IndexController.class.php 第 17 行.
SQL: SELECT * FROM `classify` WHERE `id` = 0 LIMIT 1   [ RunTime:0.0000s ]
NOTIC: [2] Illegal string offset 'classify_id' E:\xampp\htdocs\mythink\Application\Api\Controller\IndexController.class.php 第 17 行.
SQL: SELECT * FROM `classify` WHERE `id` = 5 LIMIT 1   [ RunTime:0.0000s ]
NOTIC: [2] Illegal string offset 'classify_id' E:\xampp\htdocs\mythink\Application\Api\Controller\IndexController.class.php 第 17 行.
SQL: SELECT * FROM `classify` WHERE `id` = 1 LIMIT 1   [ RunTime:0.0000s ]
NOTIC: [2] Illegal string offset 'classify_id' E:\xampp\htdocs\mythink\Application\Api\Controller\IndexController.class.php 第 17 行.
SQL: SELECT * FROM `classify` WHERE `id` = 2 LIMIT 1   [ RunTime:0.0010s ]
NOTIC: [2] Illegal string offset 'classify_id' E:\xampp\htdocs\mythink\Application\Api\Controller\IndexController.class.php 第 17 行.
SQL: SELECT * FROM `classify` WHERE `id` = 2 LIMIT 1   [ RunTime:0.0000s ]
NOTIC: [2] Illegal string offset 'classify_id' E:\xampp\htdocs\mythink\Application\Api\Controller\IndexController.class.php 第 17 行.
SQL: SELECT * FROM `classify` WHERE `id` = 1 LIMIT 1   [ RunTime:0.0000s ]
NOTIC: [8] Undefined index: classify_name E:\xampp\htdocs\mythink\Application\Api\Model\BlogModel.class.php 第 9 行.
NOTIC: [8] Undefined index: user_id E:\xampp\htdocs\mythink\Application\Api\Model\BlogModel.class.php 第 10 行.
NOTIC: [2] Illegal string offset 'classify_id' E:\xampp\htdocs\mythink\Application\Api\Controller\IndexController.class.php 第 17 行.
SQL: SELECT * FROM `classify` WHERE `id` = 3 LIMIT 1   [ RunTime:0.0000s ]
NOTIC: [2] Illegal string offset 'classify_id' E:\xampp\htdocs\mythink\Application\Api\Controller\IndexController.class.php 第 17 行.
SQL: SELECT * FROM `classify` WHERE `id` = 1 LIMIT 1   [ RunTime:0.0000s ]
NOTIC: [2] Illegal string offset 'classify_id' E:\xampp\htdocs\mythink\Application\Api\Controller\IndexController.class.php 第 17 行.
SQL: SELECT * FROM `classify` WHERE `id` = 1 LIMIT 1   [ RunTime:0.0000s ]
NOTIC: [2] Illegal string offset 'classify_id' E:\xampp\htdocs\mythink\Application\Api\Controller\IndexController.class.php 第 17 行.
SQL: SELECT * FROM `classify` WHERE `id` = 0 LIMIT 1   [ RunTime:0.0000s ]
NOTIC: [2] Illegal string offset 'classify_id' E:\xampp\htdocs\mythink\Application\Api\Controller\IndexController.class.php 第 17 行.
SQL: SELECT * FROM `classify` WHERE `id` = 9 LIMIT 1   [ RunTime:0.0010s ]
NOTIC: [2] Illegal string offset 'classify_id' E:\xampp\htdocs\mythink\Application\Api\Controller\IndexController.class.php 第 17 行.
SQL: SELECT * FROM `classify` WHERE `id` = 1 LIMIT 1   [ RunTime:0.0000s ]
NOTIC: [2] Illegal string offset 'classify_id' E:\xampp\htdocs\mythink\Application\Api\Controller\IndexController.class.php 第 17 行.
SQL: SELECT * FROM `classify` WHERE `id` = 2 LIMIT 1   [ RunTime:0.0000s ]
NOTIC: [2] Illegal string offset 'classify_id' E:\xampp\htdocs\mythink\Application\Api\Controller\IndexController.class.php 第 17 行.
SQL: SELECT * FROM `classify` WHERE `id` = 2 LIMIT 1   [ RunTime:0.0010s ]
NOTIC: [2] Illegal string offset 'classify_id' E:\xampp\htdocs\mythink\Application\Api\Controller\IndexController.class.php 第 17 行.
SQL: SELECT * FROM `classify` WHERE `id` = 1 LIMIT 1   [ RunTime:0.0000s ]
NOTIC: [8] Undefined index: classify_name E:\xampp\htdocs\mythink\Application\Api\Model\BlogModel.class.php 第 9 行.
NOTIC: [8] Undefined index: user_id E:\xampp\htdocs\mythink\Application\Api\Model\BlogModel.class.php 第 10 行.
NOTIC: [2] Illegal string offset 'classify_id' E:\xampp\htdocs\mythink\Application\Api\Controller\IndexController.class.php 第 17 行.
SQL: SELECT * FROM `classify` WHERE `id` = 3 LIMIT 1   [ RunTime:0.0000s ]
NOTIC: [2] Illegal string offset 'classify_id' E:\xampp\htdocs\mythink\Application\Api\Controller\IndexController.class.php 第 17 行.
SQL: SELECT * FROM `classify` WHERE `id` = 0 LIMIT 1   [ RunTime:0.0000s ]
NOTIC: [2] Illegal string offset 'classify_id' E:\xampp\htdocs\mythink\Application\Api\Controller\IndexController.class.php 第 17 行.
SQL: SELECT * FROM `classify` WHERE `id` = 0 LIMIT 1   [ RunTime:0.0000s ]
NOTIC: [2] Illegal string offset 'classify_id' E:\xampp\htdocs\mythink\Application\Api\Controller\IndexController.class.php 第 17 行.
SQL: SELECT * FROM `classify` WHERE `id` = 0 LIMIT 1   [ RunTime:0.0000s ]
NOTIC: [2] Illegal string offset 'classify_id' E:\xampp\htdocs\mythink\Application\Api\Controller\IndexController.class.php 第 17 行.
SQL: SELECT * FROM `classify` WHERE `id` = 3 LIMIT 1   [ RunTime:0.0010s ]
NOTIC: [2] Illegal string offset 'classify_id' E:\xampp\htdocs\mythink\Application\Api\Controller\IndexController.class.php 第 17 行.
SQL: SELECT * FROM `classify` WHERE `id` = 1 LIMIT 1   [ RunTime:0.0000s ]
NOTIC: [2] Illegal string offset 'classify_id' E:\xampp\htdocs\mythink\Application\Api\Controller\IndexController.class.php 第 17 行.
SQL: SELECT * FROM `classify` WHERE `id` = 2 LIMIT 1   [ RunTime:0.0000s ]
NOTIC: [2] Illegal string offset 'classify_id' E:\xampp\htdocs\mythink\Application\Api\Controller\IndexController.class.php 第 17 行.
SQL: SELECT * FROM `classify` WHERE `id` = 2 LIMIT 1   [ RunTime:0.0000s ]
NOTIC: [2] Illegal string offset 'classify_id' E:\xampp\htdocs\mythink\Application\Api\Controller\IndexController.class.php 第 17 行.
SQL: SELECT * FROM `classify` WHERE `id` = 1 LIMIT 1   [ RunTime:0.0000s ]
NOTIC: [8] Undefined index: classify_name E:\xampp\htdocs\mythink\Application\Api\Model\BlogModel.class.php 第 9 行.
NOTIC: [8] Undefined index: user_id E:\xampp\htdocs\mythink\Application\Api\Model\BlogModel.class.php 第 10 行.
NOTIC: [2] Illegal string offset 'classify_id' E:\xampp\htdocs\mythink\Application\Api\Controller\IndexController.class.php 第 17 行.
SQL: SELECT * FROM `classify` WHERE `id` = 3 LIMIT 1   [ RunTime:0.0000s ]
NOTIC: [2] Illegal string offset 'classify_id' E:\xampp\htdocs\mythink\Application\Api\Controller\IndexController.class.php 第 17 行.
SQL: SELECT * FROM `classify` WHERE `id` = 0 LIMIT 1   [ RunTime:0.0000s ]
NOTIC: [2] Illegal string offset 'classify_id' E:\xampp\htdocs\mythink\Application\Api\Controller\IndexController.class.php 第 17 行.
SQL: SELECT * FROM `classify` WHERE `id` = 0 LIMIT 1   [ RunTime:0.0010s ]
NOTIC: [2] Illegal string offset 'classify_id' E:\xampp\htdocs\mythink\Application\Api\Controller\IndexController.class.php 第 17 行.
SQL: SELECT * FROM `classify` WHERE `id` = 0 LIMIT 1   [ RunTime:0.0000s ]
NOTIC: [2] Illegal string offset 'classify_id' E:\xampp\htdocs\mythink\Application\Api\Controller\IndexController.class.php 第 17 行.
SQL: SELECT * FROM `classify` WHERE `id` = 3 LIMIT 1   [ RunTime:0.0000s ]
NOTIC: [2] Illegal string offset 'classify_id' E:\xampp\htdocs\mythink\Application\Api\Controller\IndexController.class.php 第 17 行.
SQL: SELECT * FROM `classify` WHERE `id` = 1 LIMIT 1   [ RunTime:0.0010s ]
NOTIC: [2] Illegal string offset 'classify_id' E:\xampp\htdocs\mythink\Application\Api\Controller\IndexController.class.php 第 17 行.
SQL: SELECT * FROM `classify` WHERE `id` = 2 LIMIT 1   [ RunTime:0.0000s ]
NOTIC: [2] Illegal string offset 'classify_id' E:\xampp\htdocs\mythink\Application\Api\Controller\IndexController.class.php 第 17 行.
SQL: SELECT * FROM `classify` WHERE `id` = 2 LIMIT 1   [ RunTime:0.0000s ]
NOTIC: [2] Illegal string offset 'classify_id' E:\xampp\htdocs\mythink\Application\Api\Controller\IndexController.class.php 第 17 行.
SQL: SELECT * FROM `classify` WHERE `id` = 1 LIMIT 1   [ RunTime:0.0000s ]
NOTIC: [8] Undefined index: classify_name E:\xampp\htdocs\mythink\Application\Api\Model\BlogModel.class.php 第 9 行.
NOTIC: [8] Undefined index: user_id E:\xampp\htdocs\mythink\Application\Api\Model\BlogModel.class.php 第 10 行.
NOTIC: [2] Illegal string offset 'classify_id' E:\xampp\htdocs\mythink\Application\Api\Controller\IndexController.class.php 第 17 行.
SQL: SELECT * FROM `classify` WHERE `id` = 4 LIMIT 1   [ RunTime:0.0000s ]
NOTIC: [2] Illegal string offset 'classify_id' E:\xampp\htdocs\mythink\Application\Api\Controller\IndexController.class.php 第 17 行.
SQL: SELECT * FROM `classify` WHERE `id` = 0 LIMIT 1   [ RunTime:0.0000s ]
NOTIC: [2] Illegal string offset 'classify_id' E:\xampp\htdocs\mythink\Application\Api\Controller\IndexController.class.php 第 17 行.
SQL: SELECT * FROM `classify` WHERE `id` = 0 LIMIT 1   [ RunTime:0.0000s ]
NOTIC: [2] Illegal string offset 'classify_id' E:\xampp\htdocs\mythink\Application\Api\Controller\IndexController.class.php 第 17 行.
SQL: SELECT * FROM `classify` WHERE `id` = 0 LIMIT 1   [ RunTime:0.0010s ]
NOTIC: [2] Illegal string offset 'classify_id' E:\xampp\htdocs\mythink\Application\Api\Controller\IndexController.class.php 第 17 行.
SQL: SELECT * FROM `classify` WHERE `id` = 3 LIMIT 1   [ RunTime:0.0000s ]
NOTIC: [2] Illegal string offset 'classify_id' E:\xampp\htdocs\mythink\Application\Api\Controller\IndexController.class.php 第 17 行.
SQL: SELECT * FROM `classify` WHERE `id` = 1 LIMIT 1   [ RunTime:0.0000s ]
NOTIC: [2] Illegal string offset 'classify_id' E:\xampp\htdocs\mythink\Application\Api\Controller\IndexController.class.php 第 17 行.
SQL: SELECT * FROM `classify` WHERE `id` = 2 LIMIT 1   [ RunTime:0.0010s ]
NOTIC: [2] Illegal string offset 'classify_id' E:\xampp\htdocs\mythink\Application\Api\Controller\IndexController.class.php 第 17 行.
SQL: SELECT * FROM `classify` WHERE `id` = 0 LIMIT 1   [ RunTime:0.0000s ]
NOTIC: [2] Illegal string offset 'classify_id' E:\xampp\htdocs\mythink\Application\Api\Controller\IndexController.class.php 第 17 行.
SQL: SELECT * FROM `classify` WHERE `id` = 1 LIMIT 1   [ RunTime:0.0010s ]
NOTIC: [8] Undefined index: classify_name E:\xampp\htdocs\mythink\Application\Api\Model\BlogModel.class.php 第 9 行.
NOTIC: [8] Undefined index: user_id E:\xampp\htdocs\mythink\Application\Api\Model\BlogModel.class.php 第 10 行.
NOTIC: [2] Illegal string offset 'classify_id' E:\xampp\htdocs\mythink\Application\Api\Controller\IndexController.class.php 第 17 行.
SQL: SELECT * FROM `classify` WHERE `id` = 4 LIMIT 1   [ RunTime:0.0000s ]
NOTIC: [2] Illegal string offset 'classify_id' E:\xampp\htdocs\mythink\Application\Api\Controller\IndexController.class.php 第 17 行.
SQL: SELECT * FROM `classify` WHERE `id` = 0 LIMIT 1   [ RunTime:0.0000s ]
NOTIC: [2] Illegal string offset 'classify_id' E:\xampp\htdocs\mythink\Application\Api\Controller\IndexController.class.php 第 17 行.
SQL: SELECT * FROM `classify` WHERE `id` = 0 LIMIT 1   [ RunTime:0.0000s ]
NOTIC: [2] Illegal string offset 'classify_id' E:\xampp\htdocs\mythink\Application\Api\Controller\IndexController.class.php 第 17 行.
SQL: SELECT * FROM `classify` WHERE `id` = 0 LIMIT 1   [ RunTime:0.0000s ]
NOTIC: [2] Illegal string offset 'classify_id' E:\xampp\htdocs\mythink\Application\Api\Controller\IndexController.class.php 第 17 行.
SQL: SELECT * FROM `classify` WHERE `id` = 1 LIMIT 1   [ RunTime:0.0000s ]
NOTIC: [2] Illegal string offset 'classify_id' E:\xampp\htdocs\mythink\Application\Api\Controller\IndexController.class.php 第 17 行.
SQL: SELECT * FROM `classify` WHERE `id` = 1 LIMIT 1   [ RunTime:0.0010s ]
NOTIC: [2] Illegal string offset 'classify_id' E:\xampp\htdocs\mythink\Application\Api\Controller\IndexController.class.php 第 17 行.
SQL: SELECT * FROM `classify` WHERE `id` = 2 LIMIT 1   [ RunTime:0.0000s ]
NOTIC: [2] Illegal string offset 'classify_id' E:\xampp\htdocs\mythink\Application\Api\Controller\IndexController.class.php 第 17 行.
SQL: SELECT * FROM `classify` WHERE `id` = 0 LIMIT 1   [ RunTime:0.0010s ]
NOTIC: [2] Illegal string offset 'classify_id' E:\xampp\htdocs\mythink\Application\Api\Controller\IndexController.class.php 第 17 行.
SQL: SELECT * FROM `classify` WHERE `id` = 1 LIMIT 1   [ RunTime:0.0000s ]
NOTIC: [8] Undefined index: classify_name E:\xampp\htdocs\mythink\Application\Api\Model\BlogModel.class.php 第 9 行.
NOTIC: [8] Undefined index: user_id E:\xampp\htdocs\mythink\Application\Api\Model\BlogModel.class.php 第 10 行.
NOTIC: [2] Illegal string offset 'classify_id' E:\xampp\htdocs\mythink\Application\Api\Controller\IndexController.class.php 第 17 行.
SQL: SELECT * FROM `classify` WHERE `id` = 4 LIMIT 1   [ RunTime:0.0000s ]
NOTIC: [2] Illegal string offset 'classify_id' E:\xampp\htdocs\mythink\Application\Api\Controller\IndexController.class.php 第 17 行.
SQL: SELECT * FROM `classify` WHERE `id` = 1 LIMIT 1   [ RunTime:0.0000s ]
NOTIC: [2] Illegal string offset 'classify_id' E:\xampp\htdocs\mythink\Application\Api\Controller\IndexController.class.php 第 17 行.
SQL: SELECT * FROM `classify` WHERE `id` = 2 LIMIT 1   [ RunTime:0.0000s ]
NOTIC: [2] Illegal string offset 'classify_id' E:\xampp\htdocs\mythink\Application\Api\Controller\IndexController.class.php 第 17 行.
SQL: SELECT * FROM `classify` WHERE `id` = 0 LIMIT 1   [ RunTime:0.0010s ]
NOTIC: [2] Illegal string offset 'classify_id' E:\xampp\htdocs\mythink\Application\Api\Controller\IndexController.class.php 第 17 行.
SQL: SELECT * FROM `classify` WHERE `id` = 3 LIMIT 1   [ RunTime:0.0000s ]
NOTIC: [2] Illegal string offset 'classify_id' E:\xampp\htdocs\mythink\Application\Api\Controller\IndexController.class.php 第 17 行.
SQL: SELECT * FROM `classify` WHERE `id` = 1 LIMIT 1   [ RunTime:0.0000s ]
NOTIC: [2] Illegal string offset 'classify_id' E:\xampp\htdocs\mythink\Application\Api\Controller\IndexController.class.php 第 17 行.
SQL: SELECT * FROM `classify` WHERE `id` = 2 LIMIT 1   [ RunTime:0.0010s ]
NOTIC: [2] Illegal string offset 'classify_id' E:\xampp\htdocs\mythink\Application\Api\Controller\IndexController.class.php 第 17 行.
SQL: SELECT * FROM `classify` WHERE `id` = 0 LIMIT 1   [ RunTime:0.0000s ]
NOTIC: [2] Illegal string offset 'classify_id' E:\xampp\htdocs\mythink\Application\Api\Controller\IndexController.class.php 第 17 行.
SQL: SELECT * FROM `classify` WHERE `id` = 1 LIMIT 1   [ RunTime:0.0000s ]
SQL: SELECT * FROM `banner` WHERE ( status=1 )  [ RunTime:0.0000s ]

[ 2018-04-14T15:55:36+08:00 ] 127.0.0.1 /api/user/dologin?phone=13244231234&password=123
INFO: [ app_init ] --START--
INFO: Run Behavior\BuildLiteBehavior [ RunTime:0.000000s ]
INFO: [ app_init ] --END-- [ RunTime:0.001001s ]
INFO: [ app_begin ] --START--
INFO: Run Behavior\ReadHtmlCacheBehavior [ RunTime:0.000000s ]
INFO: [ app_begin ] --END-- [ RunTime:0.000000s ]
NOTIC: [8] A session had already been started - ignoring session_start() E:\xampp\htdocs\mythink\ThinkPHP\Common\functions.php 第 1263 行.
NOTIC: [8] Undefined index: phone E:\xampp\htdocs\mythink\Application\Api\Controller\UserController.class.php 第 63 行.
NOTIC: [8] Undefined index: password E:\xampp\htdocs\mythink\Application\Api\Controller\UserController.class.php 第 64 行.
NOTIC: [2048] Declaration of Api\Model\BaseModel::add() should be compatible with Think\Model::add($data = '', $options = Array, $replace = false) E:\xampp\htdocs\mythink\Application\Api\Model\BaseModel.class.php 第 4 行.
SQL: SHOW COLUMNS FROM `user` [ RunTime:0.0090s ]
SQL: SHOW COLUMNS FROM `user` [ RunTime:0.0110s ]
SQL: SELECT * FROM `user` WHERE ( phone = '' )  [ RunTime:0.0000s ]
NOTIC: [8] Undefined index: status E:\xampp\htdocs\mythink\Application\Api\Controller\UserController.class.php 第 68 行.

[ 2018-04-14T15:55:55+08:00 ] 127.0.0.1 /api/user/dologin?phone=13244231234&password=123
INFO: [ app_init ] --START--
INFO: Run Behavior\BuildLiteBehavior [ RunTime:0.000000s ]
INFO: [ app_init ] --END-- [ RunTime:0.001001s ]
INFO: [ app_begin ] --START--
INFO: Run Behavior\ReadHtmlCacheBehavior [ RunTime:0.001000s ]
INFO: [ app_begin ] --END-- [ RunTime:0.001000s ]
NOTIC: [8] A session had already been started - ignoring session_start() E:\xampp\htdocs\mythink\ThinkPHP\Common\functions.php 第 1263 行.
NOTIC: [2048] Declaration of Api\Model\BaseModel::add() should be compatible with Think\Model::add($data = '', $options = Array, $replace = false) E:\xampp\htdocs\mythink\Application\Api\Model\BaseModel.class.php 第 4 行.
SQL: SHOW COLUMNS FROM `user` [ RunTime:0.0090s ]
SQL: SHOW COLUMNS FROM `user` [ RunTime:0.0080s ]
SQL: SELECT * FROM `user` WHERE ( phone = '13244231234' )  [ RunTime:0.0000s ]

[ 2018-04-14T15:55:59+08:00 ] 192.168.1.108 /api/index/index
INFO: [ app_init ] --START--
INFO: Run Behavior\BuildLiteBehavior [ RunTime:0.000000s ]
INFO: [ app_init ] --END-- [ RunTime:0.000000s ]
INFO: [ app_begin ] --START--
INFO: Run Behavior\ReadHtmlCacheBehavior [ RunTime:0.000000s ]
INFO: [ app_begin ] --END-- [ RunTime:0.000000s ]
NOTIC: [8] A session had already been started - ignoring session_start() E:\xampp\htdocs\mythink\ThinkPHP\Common\functions.php 第 1263 行.
NOTIC: [2048] Declaration of Api\Model\BaseModel::add() should be compatible with Think\Model::add($data = '', $options = Array, $replace = false) E:\xampp\htdocs\mythink\Application\Api\Model\BaseModel.class.php 第 4 行.
SQL: SHOW COLUMNS FROM `blog` [ RunTime:0.0070s ]
SQL: SHOW COLUMNS FROM `user` [ RunTime:0.0080s ]
SQL: SHOW COLUMNS FROM `classify` [ RunTime:0.0070s ]
SQL: SHOW COLUMNS FROM `banner` [ RunTime:0.0080s ]
SQL: SELECT * FROM `blog` WHERE ( status=1 )  [ RunTime:0.0000s ]
NOTIC: [8] Undefined index: classify_name E:\xampp\htdocs\mythink\Application\Api\Model\BlogModel.class.php 第 9 行.
NOTIC: [8] Undefined index: user_id E:\xampp\htdocs\mythink\Application\Api\Model\BlogModel.class.php 第 10 行.
NOTIC: [2] Illegal string offset 'classify_id' E:\xampp\htdocs\mythink\Application\Api\Controller\IndexController.class.php 第 17 行.
SQL: SELECT * FROM `classify` WHERE `id` = 3 LIMIT 1   [ RunTime:0.0000s ]
NOTIC: [2] Illegal string offset 'classify_id' E:\xampp\htdocs\mythink\Application\Api\Controller\IndexController.class.php 第 17 行.
SQL: SELECT * FROM `classify` WHERE `id` = 1 LIMIT 1   [ RunTime:0.0000s ]
NOTIC: [2] Illegal string offset 'classify_id' E:\xampp\htdocs\mythink\Application\Api\Controller\IndexController.class.php 第 17 行.
SQL: SELECT * FROM `classify` WHERE `id` = 1 LIMIT 1   [ RunTime:0.0010s ]
NOTIC: [2] Illegal string offset 'classify_id' E:\xampp\htdocs\mythink\Application\Api\Controller\IndexController.class.php 第 17 行.
SQL: SELECT * FROM `classify` WHERE `id` = 0 LIMIT 1   [ RunTime:0.0000s ]
NOTIC: [2] Illegal string offset 'classify_id' E:\xampp\htdocs\mythink\Application\Api\Controller\IndexController.class.php 第 17 行.
SQL: SELECT * FROM `classify` WHERE `id` = 5 LIMIT 1   [ RunTime:0.0000s ]
NOTIC: [2] Illegal string offset 'classify_id' E:\xampp\htdocs\mythink\Application\Api\Controller\IndexController.class.php 第 17 行.
SQL: SELECT * FROM `classify` WHERE `id` = 1 LIMIT 1   [ RunTime:0.0000s ]
NOTIC: [2] Illegal string offset 'classify_id' E:\xampp\htdocs\mythink\Application\Api\Controller\IndexController.class.php 第 17 行.
SQL: SELECT * FROM `classify` WHERE `id` = 2 LIMIT 1   [ RunTime:0.0000s ]
NOTIC: [2] Illegal string offset 'classify_id' E:\xampp\htdocs\mythink\Application\Api\Controller\IndexController.class.php 第 17 行.
SQL: SELECT * FROM `classify` WHERE `id` = 0 LIMIT 1   [ RunTime:0.0000s ]
NOTIC: [2] Illegal string offset 'classify_id' E:\xampp\htdocs\mythink\Application\Api\Controller\IndexController.class.php 第 17 行.
SQL: SELECT * FROM `classify` WHERE `id` = 1 LIMIT 1   [ RunTime:0.0000s ]
NOTIC: [8] Undefined index: classify_name E:\xampp\htdocs\mythink\Application\Api\Model\BlogModel.class.php 第 9 行.
NOTIC: [8] Undefined index: user_id E:\xampp\htdocs\mythink\Application\Api\Model\BlogModel.class.php 第 10 行.
NOTIC: [2] Illegal string offset 'classify_id' E:\xampp\htdocs\mythink\Application\Api\Controller\IndexController.class.php 第 17 行.
SQL: SELECT * FROM `classify` WHERE `id` = 3 LIMIT 1   [ RunTime:0.0000s ]
NOTIC: [2] Illegal string offset 'classify_id' E:\xampp\htdocs\mythink\Application\Api\Controller\IndexController.class.php 第 17 行.
SQL: SELECT * FROM `classify` WHERE `id` = 1 LIMIT 1   [ RunTime:0.0000s ]
NOTIC: [2] Illegal string offset 'classify_id' E:\xampp\htdocs\mythink\Application\Api\Controller\IndexController.class.php 第 17 行.
SQL: SELECT * FROM `classify` WHERE `id` = 1 LIMIT 1   [ RunTime:0.0000s ]
NOTIC: [2] Illegal string offset 'classify_id' E:\xampp\htdocs\mythink\Application\Api\Controller\IndexController.class.php 第 17 行.
SQL: SELECT * FROM `classify` WHERE `id` = 0 LIMIT 1   [ RunTime:0.0000s ]
NOTIC: [2] Illegal string offset 'classify_id' E:\xampp\htdocs\mythink\Application\Api\Controller\IndexController.class.php 第 17 行.
SQL: SELECT * FROM `classify` WHERE `id` = 5 LIMIT 1   [ RunTime:0.0000s ]
NOTIC: [2] Illegal string offset 'classify_id' E:\xampp\htdocs\mythink\Application\Api\Controller\IndexController.class.php 第 17 行.
SQL: SELECT * FROM `classify` WHERE `id` = 1 LIMIT 1   [ RunTime:0.0000s ]
NOTIC: [2] Illegal string offset 'classify_id' E:\xampp\htdocs\mythink\Application\Api\Controller\IndexController.class.php 第 17 行.
SQL: SELECT * FROM `classify` WHERE `id` = 2 LIMIT 1   [ RunTime:0.0010s ]
NOTIC: [2] Illegal string offset 'classify_id' E:\xampp\htdocs\mythink\Application\Api\Controller\IndexController.class.php 第 17 行.
SQL: SELECT * FROM `classify` WHERE `id` = 2 LIMIT 1   [ RunTime:0.0000s ]
NOTIC: [2] Illegal string offset 'classify_id' E:\xampp\htdocs\mythink\Application\Api\Controller\IndexController.class.php 第 17 行.
SQL: SELECT * FROM `classify` WHERE `id` = 1 LIMIT 1   [ RunTime:0.0010s ]
NOTIC: [8] Undefined index: classify_name E:\xampp\htdocs\mythink\Application\Api\Model\BlogModel.class.php 第 9 行.
NOTIC: [8] Undefined index: user_id E:\xampp\htdocs\mythink\Application\Api\Model\BlogModel.class.php 第 10 行.
NOTIC: [2] Illegal string offset 'classify_id' E:\xampp\htdocs\mythink\Application\Api\Controller\IndexController.class.php 第 17 行.
SQL: SELECT * FROM `classify` WHERE `id` = 3 LIMIT 1   [ RunTime:0.0000s ]
NOTIC: [2] Illegal string offset 'classify_id' E:\xampp\htdocs\mythink\Application\Api\Controller\IndexController.class.php 第 17 行.
SQL: SELECT * FROM `classify` WHERE `id` = 1 LIMIT 1   [ RunTime:0.0000s ]
NOTIC: [2] Illegal string offset 'classify_id' E:\xampp\htdocs\mythink\Application\Api\Controller\IndexController.class.php 第 17 行.
SQL: SELECT * FROM `classify` WHERE `id` = 1 LIMIT 1   [ RunTime:0.0000s ]
NOTIC: [2] Illegal string offset 'classify_id' E:\xampp\htdocs\mythink\Application\Api\Controller\IndexController.class.php 第 17 行.
SQL: SELECT * FROM `classify` WHERE `id` = 0 LIMIT 1   [ RunTime:0.0000s ]
NOTIC: [2] Illegal string offset 'classify_id' E:\xampp\htdocs\mythink\Application\Api\Controller\IndexController.class.php 第 17 行.
SQL: SELECT * FROM `classify` WHERE `id` = 9 LIMIT 1   [ RunTime:0.0000s ]
NOTIC: [2] Illegal string offset 'classify_id' E:\xampp\htdocs\mythink\Application\Api\Controller\IndexController.class.php 第 17 行.
SQL: SELECT * FROM `classify` WHERE `id` = 1 LIMIT 1   [ RunTime:0.0000s ]
NOTIC: [2] Illegal string offset 'classify_id' E:\xampp\htdocs\mythink\Application\Api\Controller\IndexController.class.php 第 17 行.
SQL: SELECT * FROM `classify` WHERE `id` = 2 LIMIT 1   [ RunTime:0.0000s ]
NOTIC: [2] Illegal string offset 'classify_id' E:\xampp\htdocs\mythink\Application\Api\Controller\IndexController.class.php 第 17 行.
SQL: SELECT * FROM `classify` WHERE `id` = 2 LIMIT 1   [ RunTime:0.0000s ]
NOTIC: [2] Illegal string offset 'classify_id' E:\xampp\htdocs\mythink\Application\Api\Controller\IndexController.class.php 第 17 行.
SQL: SELECT * FROM `classify` WHERE `id` = 1 LIMIT 1   [ RunTime:0.0000s ]
NOTIC: [8] Undefined index: classify_name E:\xampp\htdocs\mythink\Application\Api\Model\BlogModel.class.php 第 9 行.
NOTIC: [8] Undefined index: user_id E:\xampp\htdocs\mythink\Application\Api\Model\BlogModel.class.php 第 10 行.
NOTIC: [2] Illegal string offset 'classify_id' E:\xampp\htdocs\mythink\Application\Api\Controller\IndexController.class.php 第 17 行.
SQL: SELECT * FROM `classify` WHERE `id` = 3 LIMIT 1   [ RunTime:0.0000s ]
NOTIC: [2] Illegal string offset 'classify_id' E:\xampp\htdocs\mythink\Application\Api\Controller\IndexController.class.php 第 17 行.
SQL: SELECT * FROM `classify` WHERE `id` = 0 LIMIT 1   [ RunTime:0.0000s ]
NOTIC: [2] Illegal string offset 'classify_id' E:\xampp\htdocs\mythink\Application\Api\Controller\IndexController.class.php 第 17 行.
SQL: SELECT * FROM `classify` WHERE `id` = 0 LIMIT 1   [ RunTime:0.0010s ]
NOTIC: [2] Illegal string offset 'classify_id' E:\xampp\htdocs\mythink\Application\Api\Controller\IndexController.class.php 第 17 行.
SQL: SELECT * FROM `classify` WHERE `id` = 0 LIMIT 1   [ RunTime:0.0000s ]
NOTIC: [2] Illegal string offset 'classify_id' E:\xampp\htdocs\mythink\Application\Api\Controller\IndexController.class.php 第 17 行.
SQL: SELECT * FROM `classify` WHERE `id` = 3 LIMIT 1   [ RunTime:0.0000s ]
NOTIC: [2] Illegal string offset 'classify_id' E:\xampp\htdocs\mythink\Application\Api\Controller\IndexController.class.php 第 17 行.
SQL: SELECT * FROM `classify` WHERE `id` = 1 LIMIT 1   [ RunTime:0.0000s ]
NOTIC: [2] Illegal string offset 'classify_id' E:\xampp\htdocs\mythink\Application\Api\Controller\IndexController.class.php 第 17 行.
SQL: SELECT * FROM `classify` WHERE `id` = 2 LIMIT 1   [ RunTime:0.0000s ]
NOTIC: [2] Illegal string offset 'classify_id' E:\xampp\htdocs\mythink\Application\Api\Controller\IndexController.class.php 第 17 行.
SQL: SELECT * FROM `classify` WHERE `id` = 2 LIMIT 1   [ RunTime:0.0000s ]
NOTIC: [2] Illegal string offset 'classify_id' E:\xampp\htdocs\mythink\Application\Api\Controller\IndexController.class.php 第 17 行.
SQL: SELECT * FROM `classify` WHERE `id` = 1 LIMIT 1   [ RunTime:0.0000s ]
NOTIC: [8] Undefined index: classify_name E:\xampp\htdocs\mythink\Application\Api\Model\BlogModel.class.php 第 9 行.
NOTIC: [8] Undefined index: user_id E:\xampp\htdocs\mythink\Application\Api\Model\BlogModel.class.php 第 10 行.
NOTIC: [2] Illegal string offset 'classify_id' E:\xampp\htdocs\mythink\Application\Api\Controller\IndexController.class.php 第 17 行.
SQL: SELECT * FROM `classify` WHERE `id` = 3 LIMIT 1   [ RunTime:0.0000s ]
NOTIC: [2] Illegal string offset 'classify_id' E:\xampp\htdocs\mythink\Application\Api\Controller\IndexController.class.php 第 17 行.
SQL: SELECT * FROM `classify` WHERE `id` = 0 LIMIT 1   [ RunTime:0.0000s ]
NOTIC: [2] Illegal string offset 'classify_id' E:\xampp\htdocs\mythink\Application\Api\Controller\IndexController.class.php 第 17 行.
SQL: SELECT * FROM `classify` WHERE `id` = 0 LIMIT 1   [ RunTime:0.0000s ]
NOTIC: [2] Illegal string offset 'classify_id' E:\xampp\htdocs\mythink\Application\Api\Controller\IndexController.class.php 第 17 行.
SQL: SELECT * FROM `classify` WHERE `id` = 0 LIMIT 1   [ RunTime:0.0010s ]
NOTIC: [2] Illegal string offset 'classify_id' E:\xampp\htdocs\mythink\Application\Api\Controller\IndexController.class.php 第 17 行.
SQL: SELECT * FROM `classify` WHERE `id` = 3 LIMIT 1   [ RunTime:0.0000s ]
NOTIC: [2] Illegal string offset 'classify_id' E:\xampp\htdocs\mythink\Application\Api\Controller\IndexController.class.php 第 17 行.
SQL: SELECT * FROM `classify` WHERE `id` = 1 LIMIT 1   [ RunTime:0.0000s ]
NOTIC: [2] Illegal string offset 'classify_id' E:\xampp\htdocs\mythink\Application\Api\Controller\IndexController.class.php 第 17 行.
SQL: SELECT * FROM `classify` WHERE `id` = 2 LIMIT 1   [ RunTime:0.0000s ]
NOTIC: [2] Illegal string offset 'classify_id' E:\xampp\htdocs\mythink\Application\Api\Controller\IndexController.class.php 第 17 行.
SQL: SELECT * FROM `classify` WHERE `id` = 2 LIMIT 1   [ RunTime:0.0000s ]
NOTIC: [2] Illegal string offset 'classify_id' E:\xampp\htdocs\mythink\Application\Api\Controller\IndexController.class.php 第 17 行.
SQL: SELECT * FROM `classify` WHERE `id` = 1 LIMIT 1   [ RunTime:0.0000s ]
NOTIC: [8] Undefined index: classify_name E:\xampp\htdocs\mythink\Application\Api\Model\BlogModel.class.php 第 9 行.
NOTIC: [8] Undefined index: user_id E:\xampp\htdocs\mythink\Application\Api\Model\BlogModel.class.php 第 10 行.
NOTIC: [2] Illegal string offset 'classify_id' E:\xampp\htdocs\mythink\Application\Api\Controller\IndexController.class.php 第 17 行.
SQL: SELECT * FROM `classify` WHERE `id` = 4 LIMIT 1   [ RunTime:0.0000s ]
NOTIC: [2] Illegal string offset 'classify_id' E:\xampp\htdocs\mythink\Application\Api\Controller\IndexController.class.php 第 17 行.
SQL: SELECT * FROM `classify` WHERE `id` = 0 LIMIT 1   [ RunTime:0.0000s ]
NOTIC: [2] Illegal string offset 'classify_id' E:\xampp\htdocs\mythink\Application\Api\Controller\IndexController.class.php 第 17 行.
SQL: SELECT * FROM `classify` WHERE `id` = 0 LIMIT 1   [ RunTime:0.0000s ]
NOTIC: [2] Illegal string offset 'classify_id' E:\xampp\htdocs\mythink\Application\Api\Controller\IndexController.class.php 第 17 行.
SQL: SELECT * FROM `classify` WHERE `id` = 0 LIMIT 1   [ RunTime:0.0000s ]
NOTIC: [2] Illegal string offset 'classify_id' E:\xampp\htdocs\mythink\Application\Api\Controller\IndexController.class.php 第 17 行.
SQL: SELECT * FROM `classify` WHERE `id` = 3 LIMIT 1   [ RunTime:0.0010s ]
NOTIC: [2] Illegal string offset 'classify_id' E:\xampp\htdocs\mythink\Application\Api\Controller\IndexController.class.php 第 17 行.
SQL: SELECT * FROM `classify` WHERE `id` = 1 LIMIT 1   [ RunTime:0.0000s ]
NOTIC: [2] Illegal string offset 'classify_id' E:\xampp\htdocs\mythink\Application\Api\Controller\IndexController.class.php 第 17 行.
SQL: SELECT * FROM `classify` WHERE `id` = 2 LIMIT 1   [ RunTime:0.0000s ]
NOTIC: [2] Illegal string offset 'classify_id' E:\xampp\htdocs\mythink\Application\Api\Controller\IndexController.class.php 第 17 行.
SQL: SELECT * FROM `classify` WHERE `id` = 0 LIMIT 1   [ RunTime:0.0000s ]
NOTIC: [2] Illegal string offset 'classify_id' E:\xampp\htdocs\mythink\Application\Api\Controller\IndexController.class.php 第 17 行.
SQL: SELECT * FROM `classify` WHERE `id` = 1 LIMIT 1   [ RunTime:0.0000s ]
NOTIC: [8] Undefined index: classify_name E:\xampp\htdocs\mythink\Application\Api\Model\BlogModel.class.php 第 9 行.
NOTIC: [8] Undefined index: user_id E:\xampp\htdocs\mythink\Application\Api\Model\BlogModel.class.php 第 10 行.
NOTIC: [2] Illegal string offset 'classify_id' E:\xampp\htdocs\mythink\Application\Api\Controller\IndexController.class.php 第 17 行.
SQL: SELECT * FROM `classify` WHERE `id` = 4 LIMIT 1   [ RunTime:0.0000s ]
NOTIC: [2] Illegal string offset 'classify_id' E:\xampp\htdocs\mythink\Application\Api\Controller\IndexController.class.php 第 17 行.
SQL: SELECT * FROM `classify` WHERE `id` = 0 LIMIT 1   [ RunTime:0.0000s ]
NOTIC: [2] Illegal string offset 'classify_id' E:\xampp\htdocs\mythink\Application\Api\Controller\IndexController.class.php 第 17 行.
SQL: SELECT * FROM `classify` WHERE `id` = 0 LIMIT 1   [ RunTime:0.0000s ]
NOTIC: [2] Illegal string offset 'classify_id' E:\xampp\htdocs\mythink\Application\Api\Controller\IndexController.class.php 第 17 行.
SQL: SELECT * FROM `classify` WHERE `id` = 0 LIMIT 1   [ RunTime:0.0000s ]
NOTIC: [2] Illegal string offset 'classify_id' E:\xampp\htdocs\mythink\Application\Api\Controller\IndexController.class.php 第 17 行.
SQL: SELECT * FROM `classify` WHERE `id` = 1 LIMIT 1   [ RunTime:0.0000s ]
NOTIC: [2] Illegal string offset 'classify_id' E:\xampp\htdocs\mythink\Application\Api\Controller\IndexController.class.php 第 17 行.
SQL: SELECT * FROM `classify` WHERE `id` = 1 LIMIT 1   [ RunTime:0.0010s ]
NOTIC: [2] Illegal string offset 'classify_id' E:\xampp\htdocs\mythink\Application\Api\Controller\IndexController.class.php 第 17 行.
SQL: SELECT * FROM `classify` WHERE `id` = 2 LIMIT 1   [ RunTime:0.0000s ]
NOTIC: [2] Illegal string offset 'classify_id' E:\xampp\htdocs\mythink\Application\Api\Controller\IndexController.class.php 第 17 行.
SQL: SELECT * FROM `classify` WHERE `id` = 0 LIMIT 1   [ RunTime:0.0000s ]
NOTIC: [2] Illegal string offset 'classify_id' E:\xampp\htdocs\mythink\Application\Api\Controller\IndexController.class.php 第 17 行.
SQL: SELECT * FROM `classify` WHERE `id` = 1 LIMIT 1   [ RunTime:0.0000s ]
NOTIC: [8] Undefined index: classify_name E:\xampp\htdocs\mythink\Application\Api\Model\BlogModel.class.php 第 9 行.
NOTIC: [8] Undefined index: user_id E:\xampp\htdocs\mythink\Application\Api\Model\BlogModel.class.php 第 10 行.
NOTIC: [2] Illegal string offset 'classify_id' E:\xampp\htdocs\mythink\Application\Api\Controller\IndexController.class.php 第 17 行.
SQL: SELECT * FROM `classify` WHERE `id` = 4 LIMIT 1   [ RunTime:0.0000s ]
NOTIC: [2] Illegal string offset 'classify_id' E:\xampp\htdocs\mythink\Application\Api\Controller\IndexController.class.php 第 17 行.
SQL: SELECT * FROM `classify` WHERE `id` = 1 LIMIT 1   [ RunTime:0.0000s ]
NOTIC: [2] Illegal string offset 'classify_id' E:\xampp\htdocs\mythink\Application\Api\Controller\IndexController.class.php 第 17 行.
SQL: SELECT * FROM `classify` WHERE `id` = 2 LIMIT 1   [ RunTime:0.0000s ]
NOTIC: [2] Illegal string offset 'classify_id' E:\xampp\htdocs\mythink\Application\Api\Controller\IndexController.class.php 第 17 行.
SQL: SELECT * FROM `classify` WHERE `id` = 0 LIMIT 1   [ RunTime:0.0010s ]
NOTIC: [2] Illegal string offset 'classify_id' E:\xampp\htdocs\mythink\Application\Api\Controller\IndexController.class.php 第 17 行.
SQL: SELECT * FROM `classify` WHERE `id` = 3 LIMIT 1   [ RunTime:0.0000s ]
NOTIC: [2] Illegal string offset 'classify_id' E:\xampp\htdocs\mythink\Application\Api\Controller\IndexController.class.php 第 17 行.
SQL: SELECT * FROM `classify` WHERE `id` = 1 LIMIT 1   [ RunTime:0.0000s ]
NOTIC: [2] Illegal string offset 'classify_id' E:\xampp\htdocs\mythink\Application\Api\Controller\IndexController.class.php 第 17 行.
SQL: SELECT * FROM `classify` WHERE `id` = 2 LIMIT 1   [ RunTime:0.0010s ]
NOTIC: [2] Illegal string offset 'classify_id' E:\xampp\htdocs\mythink\Application\Api\Controller\IndexController.class.php 第 17 行.
SQL: SELECT * FROM `classify` WHERE `id` = 0 LIMIT 1   [ RunTime:0.0000s ]
NOTIC: [2] Illegal string offset 'classify_id' E:\xampp\htdocs\mythink\Application\Api\Controller\IndexController.class.php 第 17 行.
SQL: SELECT * FROM `classify` WHERE `id` = 1 LIMIT 1   [ RunTime:0.0000s ]
SQL: SELECT * FROM `banner` WHERE ( status=1 )  [ RunTime:0.0000s ]

[ 2018-04-14T15:59:15+08:00 ] 192.168.1.108 /api/user/dologin?phone=13244231234&password=123
INFO: [ app_init ] --START--
INFO: Run Behavior\BuildLiteBehavior [ RunTime:0.000000s ]
INFO: [ app_init ] --END-- [ RunTime:0.000000s ]
INFO: [ app_begin ] --START--
INFO: Run Behavior\ReadHtmlCacheBehavior [ RunTime:0.001000s ]
INFO: [ app_begin ] --END-- [ RunTime:0.001000s ]
NOTIC: [8] A session had already been started - ignoring session_start() E:\xampp\htdocs\mythink\ThinkPHP\Common\functions.php 第 1263 行.
NOTIC: [2048] Declaration of Api\Model\BaseModel::add() should be compatible with Think\Model::add($data = '', $options = Array, $replace = false) E:\xampp\htdocs\mythink\Application\Api\Model\BaseModel.class.php 第 4 行.
SQL: SHOW COLUMNS FROM `user` [ RunTime:0.0080s ]
SQL: SHOW COLUMNS FROM `user` [ RunTime:0.0070s ]
SQL: SELECT * FROM `user` WHERE ( phone = '13244231234' )  [ RunTime:0.0010s ]

