[ 2017-11-08T09:32:47+08:00 ] 127.0.0.1 /Admin/Blog/blogLists/p/2
INFO: [ app_init ] --START--
INFO: Run Behavior\BuildLiteBehavior [ RunTime:0.000018s ]
INFO: [ app_init ] --END-- [ RunTime:0.000619s ]
INFO: [ app_begin ] --START--
INFO: Run Behavior\ReadHtmlCacheBehavior [ RunTime:0.000792s ]
INFO: [ app_begin ] --END-- [ RunTime:0.000854s ]
NOTIC: [8] A session had already been started - ignoring session_start() E:\xampp\htdocs\mythink\ThinkPHP\Common\functions.php 第 1263 行.
NOTIC: [2048] Declaration of Admin\Model\BaseModel::add() should be compatible with Think\Model::add($data = '', $options = Array, $replace = false) E:\xampp\htdocs\mythink\Application\Admin\Model\BaseModel.class.php 第 4 行.
SQL: SHOW COLUMNS FROM `blog` [ RunTime:0.0514s ]
SQL: SHOW COLUMNS FROM `user` [ RunTime:0.0343s ]
SQL: SHOW COLUMNS FROM `classify` [ RunTime:0.0382s ]
SQL: SHOW COLUMNS FROM `blog` [ RunTime:0.0118s ]
SQL: SELECT COUNT(*) AS tp_count FROM `blog` WHERE ( status =1 ) LIMIT 1   [ RunTime:0.0006s ]
SQL: SELECT * FROM `blog` WHERE ( 1 ) ORDER BY id asc LIMIT 4,4   [ RunTime:0.0005s ]
SQL: SELECT * FROM `classify` WHERE ( id=3 ) LIMIT 1   [ RunTime:0.0004s ]
SQL: SELECT * FROM `classify` WHERE ( id=3 ) LIMIT 1   [ RunTime:0.0004s ]
INFO: [ app_end ] --START--
INFO: Run Behavior\ShowPageTraceBehavior [ RunTime:0.000884s ]
INFO: [ app_end ] --END-- [ RunTime:0.000955s ]

[ 2017-11-08T09:32:47+08:00 ] 127.0.0.1 /Admin/Blog/blogLists/p/a.jpg
INFO: [ app_init ] --START--
INFO: Run Behavior\BuildLiteBehavior [ RunTime:0.000022s ]
INFO: [ app_init ] --END-- [ RunTime:0.000922s ]

[ 2017-11-08T09:43:20+08:00 ] 127.0.0.1 /Admin/Blog/blogLists/p/2
INFO: [ app_init ] --START--
INFO: Run Behavior\BuildLiteBehavior [ RunTime:0.000029s ]
INFO: [ app_init ] --END-- [ RunTime:0.000912s ]
INFO: [ app_begin ] --START--
INFO: Run Behavior\ReadHtmlCacheBehavior [ RunTime:0.000829s ]
INFO: [ app_begin ] --END-- [ RunTime:0.000906s ]
NOTIC: [8] A session had already been started - ignoring session_start() E:\xampp\htdocs\mythink\ThinkPHP\Common\functions.php 第 1263 行.
NOTIC: [2048] Declaration of Admin\Model\BaseModel::add() should be compatible with Think\Model::add($data = '', $options = Array, $replace = false) E:\xampp\htdocs\mythink\Application\Admin\Model\BaseModel.class.php 第 4 行.
SQL: SHOW COLUMNS FROM `blog` [ RunTime:0.0118s ]
SQL: SHOW COLUMNS FROM `user` [ RunTime:0.0106s ]
SQL: SHOW COLUMNS FROM `classify` [ RunTime:0.0113s ]
SQL: SHOW COLUMNS FROM `blog` [ RunTime:0.0120s ]
SQL: SELECT COUNT(*) AS tp_count FROM `blog` WHERE ( status =1 ) LIMIT 1   [ RunTime:0.0005s ]
SQL: SELECT * FROM `blog` WHERE ( 1 ) ORDER BY id asc LIMIT 4,4   [ RunTime:0.0004s ]
SQL: SELECT * FROM `classify` WHERE ( id=3 ) LIMIT 1   [ RunTime:0.0003s ]
SQL: SELECT * FROM `classify` WHERE ( id=3 ) LIMIT 1   [ RunTime:0.0003s ]
INFO: [ app_end ] --START--
INFO: Run Behavior\ShowPageTraceBehavior [ RunTime:0.000840s ]
INFO: [ app_end ] --END-- [ RunTime:0.000902s ]

[ 2017-11-08T09:43:20+08:00 ] 127.0.0.1 /Admin/Blog/blogLists/p/a.jpg
INFO: [ app_init ] --START--
INFO: Run Behavior\BuildLiteBehavior [ RunTime:0.000028s ]
INFO: [ app_init ] --END-- [ RunTime:0.001206s ]

[ 2017-11-08T09:43:21+08:00 ] 127.0.0.1 /Admin/Blog/blogLists/p/1
INFO: [ app_init ] --START--
INFO: Run Behavior\BuildLiteBehavior [ RunTime:0.000017s ]
INFO: [ app_init ] --END-- [ RunTime:0.000642s ]
INFO: [ app_begin ] --START--
INFO: Run Behavior\ReadHtmlCacheBehavior [ RunTime:0.000938s ]
INFO: [ app_begin ] --END-- [ RunTime:0.001030s ]
NOTIC: [8] A session had already been started - ignoring session_start() E:\xampp\htdocs\mythink\ThinkPHP\Common\functions.php 第 1263 行.
NOTIC: [2048] Declaration of Admin\Model\BaseModel::add() should be compatible with Think\Model::add($data = '', $options = Array, $replace = false) E:\xampp\htdocs\mythink\Application\Admin\Model\BaseModel.class.php 第 4 行.
SQL: SHOW COLUMNS FROM `blog` [ RunTime:0.0109s ]
SQL: SHOW COLUMNS FROM `user` [ RunTime:0.0121s ]
SQL: SHOW COLUMNS FROM `classify` [ RunTime:0.0108s ]
SQL: SHOW COLUMNS FROM `blog` [ RunTime:0.0118s ]
SQL: SELECT COUNT(*) AS tp_count FROM `blog` WHERE ( status =1 ) LIMIT 1   [ RunTime:0.0004s ]
SQL: SELECT * FROM `blog` WHERE ( 1 ) ORDER BY id asc LIMIT 0,4   [ RunTime:0.0004s ]
SQL: SELECT * FROM `classify` WHERE ( id=5 ) LIMIT 1   [ RunTime:0.0003s ]
SQL: SELECT * FROM `classify` WHERE ( id=5 ) LIMIT 1   [ RunTime:0.0003s ]
SQL: SELECT * FROM `classify` WHERE ( id=9 ) LIMIT 1   [ RunTime:0.0003s ]
SQL: SELECT * FROM `classify` WHERE ( id=3 ) LIMIT 1   [ RunTime:0.0003s ]
INFO: [ app_end ] --START--
INFO: Run Behavior\ShowPageTraceBehavior [ RunTime:0.000710s ]
INFO: [ app_end ] --END-- [ RunTime:0.000780s ]

[ 2017-11-08T09:43:22+08:00 ] 127.0.0.1 /Admin/Blog/blogLists/p/a.jpg
INFO: [ app_init ] --START--
INFO: Run Behavior\BuildLiteBehavior [ RunTime:0.000028s ]
INFO: [ app_init ] --END-- [ RunTime:0.000778s ]

[ 2017-11-08T09:51:15+08:00 ] 127.0.0.1 /Admin/Blog/blogLists/p/1
INFO: [ app_init ] --START--
INFO: Run Behavior\BuildLiteBehavior [ RunTime:0.000025s ]
INFO: [ app_init ] --END-- [ RunTime:0.000701s ]
INFO: [ app_begin ] --START--
INFO: Run Behavior\ReadHtmlCacheBehavior [ RunTime:0.001129s ]
INFO: [ app_begin ] --END-- [ RunTime:0.001287s ]
NOTIC: [8] A session had already been started - ignoring session_start() E:\xampp\htdocs\mythink\ThinkPHP\Common\functions.php 第 1263 行.
NOTIC: [2048] Declaration of Admin\Model\BaseModel::add() should be compatible with Think\Model::add($data = '', $options = Array, $replace = false) E:\xampp\htdocs\mythink\Application\Admin\Model\BaseModel.class.php 第 4 行.
SQL: SHOW COLUMNS FROM `blog` [ RunTime:0.0119s ]
SQL: SHOW COLUMNS FROM `user` [ RunTime:0.0116s ]
SQL: SHOW COLUMNS FROM `classify` [ RunTime:0.0120s ]
SQL: SHOW COLUMNS FROM `blog` [ RunTime:0.0114s ]
SQL: SELECT COUNT(*) AS tp_count FROM `blog` WHERE ( status =1 ) LIMIT 1   [ RunTime:0.0005s ]
SQL: SELECT * FROM `blog` WHERE ( 1 ) ORDER BY id asc LIMIT 0,4   [ RunTime:0.0004s ]
SQL: SELECT * FROM `classify` WHERE ( id=5 ) LIMIT 1   [ RunTime:0.0003s ]
SQL: SELECT * FROM `classify` WHERE ( id=5 ) LIMIT 1   [ RunTime:0.0003s ]
SQL: SELECT * FROM `classify` WHERE ( id=9 ) LIMIT 1   [ RunTime:0.0003s ]
SQL: SELECT * FROM `classify` WHERE ( id=3 ) LIMIT 1   [ RunTime:0.0003s ]
INFO: [ app_end ] --START--
INFO: Run Behavior\ShowPageTraceBehavior [ RunTime:0.000822s ]
INFO: [ app_end ] --END-- [ RunTime:0.000889s ]

[ 2017-11-08T09:51:15+08:00 ] 127.0.0.1 /Admin/Blog/blogLists/p/a.jpg
INFO: [ app_init ] --START--
INFO: Run Behavior\BuildLiteBehavior [ RunTime:0.000027s ]
INFO: [ app_init ] --END-- [ RunTime:0.000920s ]

[ 2017-11-08T09:51:17+08:00 ] 127.0.0.1 /Admin/Blog/blogInfo/id/35
INFO: [ app_init ] --START--
INFO: Run Behavior\BuildLiteBehavior [ RunTime:0.000018s ]
INFO: [ app_init ] --END-- [ RunTime:0.000549s ]
INFO: [ app_begin ] --START--
INFO: Run Behavior\ReadHtmlCacheBehavior [ RunTime:0.000677s ]
INFO: [ app_begin ] --END-- [ RunTime:0.000743s ]
NOTIC: [8] A session had already been started - ignoring session_start() E:\xampp\htdocs\mythink\ThinkPHP\Common\functions.php 第 1263 行.
NOTIC: [2048] Declaration of Admin\Model\BaseModel::add() should be compatible with Think\Model::add($data = '', $options = Array, $replace = false) E:\xampp\htdocs\mythink\Application\Admin\Model\BaseModel.class.php 第 4 行.
SQL: SHOW COLUMNS FROM `blog` [ RunTime:0.0117s ]
SQL: SELECT * FROM `blog` WHERE ( id=35 ) LIMIT 1   [ RunTime:0.0005s ]
INFO: [ view_parse ] --START--
INFO: [ template_filter ] --START--
INFO: Run Behavior\ContentReplaceBehavior [ RunTime:0.000059s ]
INFO: [ template_filter ] --END-- [ RunTime:0.000128s ]
INFO: Run Behavior\ParseTemplateBehavior [ RunTime:0.011440s ]
INFO: [ view_parse ] --END-- [ RunTime:0.011522s ]
INFO: [ view_filter ] --START--
INFO: Run Behavior\WriteHtmlCacheBehavior [ RunTime:0.018913s ]
INFO: [ view_filter ] --END-- [ RunTime:0.018984s ]
INFO: [ app_end ] --START--
INFO: Run Behavior\ShowPageTraceBehavior [ RunTime:0.000706s ]
INFO: [ app_end ] --END-- [ RunTime:0.000762s ]

[ 2017-11-08T09:51:17+08:00 ] 127.0.0.1 /Admin/Blog/blogInfo/id/blog/2017-11-05/59febf58aa87f.png
INFO: [ app_init ] --START--
INFO: Run Behavior\BuildLiteBehavior [ RunTime:0.000017s ]
INFO: [ app_init ] --END-- [ RunTime:0.000527s ]

[ 2017-11-08T09:51:20+08:00 ] 127.0.0.1 /Admin/Blog/blogLists/p/1
INFO: [ app_init ] --START--
INFO: Run Behavior\BuildLiteBehavior [ RunTime:0.000020s ]
INFO: [ app_init ] --END-- [ RunTime:0.001044s ]
INFO: [ app_begin ] --START--
INFO: Run Behavior\ReadHtmlCacheBehavior [ RunTime:0.001043s ]
INFO: [ app_begin ] --END-- [ RunTime:0.001133s ]
NOTIC: [8] A session had already been started - ignoring session_start() E:\xampp\htdocs\mythink\ThinkPHP\Common\functions.php 第 1263 行.
NOTIC: [2048] Declaration of Admin\Model\BaseModel::add() should be compatible with Think\Model::add($data = '', $options = Array, $replace = false) E:\xampp\htdocs\mythink\Application\Admin\Model\BaseModel.class.php 第 4 行.
SQL: SHOW COLUMNS FROM `blog` [ RunTime:0.0291s ]
SQL: SHOW COLUMNS FROM `user` [ RunTime:0.0118s ]
SQL: SHOW COLUMNS FROM `classify` [ RunTime:0.0141s ]
SQL: SHOW COLUMNS FROM `blog` [ RunTime:0.0131s ]
SQL: SELECT COUNT(*) AS tp_count FROM `blog` WHERE ( status =1 ) LIMIT 1   [ RunTime:0.0005s ]
SQL: SELECT * FROM `blog` WHERE ( 1 ) ORDER BY id asc LIMIT 0,4   [ RunTime:0.0004s ]
SQL: SELECT * FROM `classify` WHERE ( id=5 ) LIMIT 1   [ RunTime:0.0004s ]
SQL: SELECT * FROM `classify` WHERE ( id=5 ) LIMIT 1   [ RunTime:0.0003s ]
SQL: SELECT * FROM `classify` WHERE ( id=9 ) LIMIT 1   [ RunTime:0.0003s ]
SQL: SELECT * FROM `classify` WHERE ( id=3 ) LIMIT 1   [ RunTime:0.0003s ]
INFO: [ app_end ] --START--
INFO: Run Behavior\ShowPageTraceBehavior [ RunTime:0.000706s ]
INFO: [ app_end ] --END-- [ RunTime:0.000775s ]

[ 2017-11-08T09:51:20+08:00 ] 127.0.0.1 /Admin/Blog/blogLists/p/a.jpg
INFO: [ app_init ] --START--
INFO: Run Behavior\BuildLiteBehavior [ RunTime:0.000026s ]
INFO: [ app_init ] --END-- [ RunTime:0.000926s ]

[ 2017-11-08T09:51:47+08:00 ] 127.0.0.1 /Admin/Blog/blogLists/p/1
INFO: [ app_init ] --START--
INFO: Run Behavior\BuildLiteBehavior [ RunTime:0.000020s ]
INFO: [ app_init ] --END-- [ RunTime:0.000756s ]
INFO: [ app_begin ] --START--
INFO: Run Behavior\ReadHtmlCacheBehavior [ RunTime:0.000888s ]
INFO: [ app_begin ] --END-- [ RunTime:0.000973s ]
NOTIC: [8] A session had already been started - ignoring session_start() E:\xampp\htdocs\mythink\ThinkPHP\Common\functions.php 第 1263 行.
NOTIC: [2048] Declaration of Admin\Model\BaseModel::add() should be compatible with Think\Model::add($data = '', $options = Array, $replace = false) E:\xampp\htdocs\mythink\Application\Admin\Model\BaseModel.class.php 第 4 行.
SQL: SHOW COLUMNS FROM `blog` [ RunTime:0.0301s ]
SQL: SHOW COLUMNS FROM `user` [ RunTime:0.0129s ]
SQL: SHOW COLUMNS FROM `classify` [ RunTime:0.0106s ]
SQL: SHOW COLUMNS FROM `blog` [ RunTime:0.0137s ]
SQL: SELECT COUNT(*) AS tp_count FROM `blog` WHERE ( status =1 ) LIMIT 1   [ RunTime:0.0005s ]
SQL: SELECT * FROM `blog` WHERE ( 1 ) ORDER BY id asc LIMIT 0,4   [ RunTime:0.0004s ]
SQL: SELECT * FROM `classify` WHERE ( id=5 ) LIMIT 1   [ RunTime:0.0004s ]
SQL: SELECT * FROM `classify` WHERE ( id=5 ) LIMIT 1   [ RunTime:0.0004s ]
SQL: SELECT * FROM `classify` WHERE ( id=9 ) LIMIT 1   [ RunTime:0.0003s ]
SQL: SELECT * FROM `classify` WHERE ( id=3 ) LIMIT 1   [ RunTime:0.0003s ]
INFO: [ app_end ] --START--
INFO: Run Behavior\ShowPageTraceBehavior [ RunTime:0.000838s ]
INFO: [ app_end ] --END-- [ RunTime:0.000910s ]

[ 2017-11-08T09:51:47+08:00 ] 127.0.0.1 /Admin/Blog/blogLists/p/a.jpg
INFO: [ app_init ] --START--
INFO: Run Behavior\BuildLiteBehavior [ RunTime:0.000027s ]
INFO: [ app_init ] --END-- [ RunTime:0.000746s ]

[ 2017-11-08T09:51:48+08:00 ] 127.0.0.1 /Admin/Blog/blogInfo/id/35
INFO: [ app_init ] --START--
INFO: Run Behavior\BuildLiteBehavior [ RunTime:0.000018s ]
INFO: [ app_init ] --END-- [ RunTime:0.000628s ]
INFO: [ app_begin ] --START--
INFO: Run Behavior\ReadHtmlCacheBehavior [ RunTime:0.000843s ]
INFO: [ app_begin ] --END-- [ RunTime:0.000934s ]
NOTIC: [8] A session had already been started - ignoring session_start() E:\xampp\htdocs\mythink\ThinkPHP\Common\functions.php 第 1263 行.
NOTIC: [2048] Declaration of Admin\Model\BaseModel::add() should be compatible with Think\Model::add($data = '', $options = Array, $replace = false) E:\xampp\htdocs\mythink\Application\Admin\Model\BaseModel.class.php 第 4 行.
SQL: SHOW COLUMNS FROM `blog` [ RunTime:0.0115s ]
SQL: SELECT * FROM `blog` WHERE ( id=35 ) LIMIT 1   [ RunTime:0.0005s ]
INFO: [ view_parse ] --START--
INFO: [ template_filter ] --START--
INFO: Run Behavior\ContentReplaceBehavior [ RunTime:0.000049s ]
INFO: [ template_filter ] --END-- [ RunTime:0.000118s ]
INFO: Run Behavior\ParseTemplateBehavior [ RunTime:0.010311s ]
INFO: [ view_parse ] --END-- [ RunTime:0.010390s ]
INFO: [ view_filter ] --START--
INFO: Run Behavior\WriteHtmlCacheBehavior [ RunTime:0.000634s ]
INFO: [ view_filter ] --END-- [ RunTime:0.000689s ]
INFO: [ app_end ] --START--
INFO: Run Behavior\ShowPageTraceBehavior [ RunTime:0.000743s ]
INFO: [ app_end ] --END-- [ RunTime:0.000803s ]

[ 2017-11-08T09:51:48+08:00 ] 127.0.0.1 /Admin/Blog/blogInfo/id/Uploads/blog/2017-11-05/59febf58aa87f.png
INFO: [ app_init ] --START--
INFO: Run Behavior\BuildLiteBehavior [ RunTime:0.000018s ]
INFO: [ app_init ] --END-- [ RunTime:0.000574s ]

[ 2017-11-08T09:51:50+08:00 ] 127.0.0.1 /Admin/Blog/blogLists/p/1
INFO: [ app_init ] --START--
INFO: Run Behavior\BuildLiteBehavior [ RunTime:0.000018s ]
INFO: [ app_init ] --END-- [ RunTime:0.000584s ]
INFO: [ app_begin ] --START--
INFO: Run Behavior\ReadHtmlCacheBehavior [ RunTime:0.000672s ]
INFO: [ app_begin ] --END-- [ RunTime:0.000731s ]
NOTIC: [8] A session had already been started - ignoring session_start() E:\xampp\htdocs\mythink\ThinkPHP\Common\functions.php 第 1263 行.
NOTIC: [2048] Declaration of Admin\Model\BaseModel::add() should be compatible with Think\Model::add($data = '', $options = Array, $replace = false) E:\xampp\htdocs\mythink\Application\Admin\Model\BaseModel.class.php 第 4 行.
SQL: SHOW COLUMNS FROM `blog` [ RunTime:0.0129s ]
SQL: SHOW COLUMNS FROM `user` [ RunTime:0.0107s ]
SQL: SHOW COLUMNS FROM `classify` [ RunTime:0.0115s ]
SQL: SHOW COLUMNS FROM `blog` [ RunTime:0.0120s ]
SQL: SELECT COUNT(*) AS tp_count FROM `blog` WHERE ( status =1 ) LIMIT 1   [ RunTime:0.0004s ]
SQL: SELECT * FROM `blog` WHERE ( 1 ) ORDER BY id asc LIMIT 0,4   [ RunTime:0.0004s ]
SQL: SELECT * FROM `classify` WHERE ( id=5 ) LIMIT 1   [ RunTime:0.0003s ]
SQL: SELECT * FROM `classify` WHERE ( id=5 ) LIMIT 1   [ RunTime:0.0003s ]
SQL: SELECT * FROM `classify` WHERE ( id=9 ) LIMIT 1   [ RunTime:0.0003s ]
SQL: SELECT * FROM `classify` WHERE ( id=3 ) LIMIT 1   [ RunTime:0.0003s ]
INFO: [ app_end ] --START--
INFO: Run Behavior\ShowPageTraceBehavior [ RunTime:0.000784s ]
INFO: [ app_end ] --END-- [ RunTime:0.000855s ]

[ 2017-11-08T09:51:50+08:00 ] 127.0.0.1 /Admin/Blog/blogLists/p/a.jpg
INFO: [ app_init ] --START--
INFO: Run Behavior\BuildLiteBehavior [ RunTime:0.000031s ]
INFO: [ app_init ] --END-- [ RunTime:0.001043s ]

[ 2017-11-08T09:52:01+08:00 ] 127.0.0.1 /Admin/Blog/blogLists/p/1
INFO: [ app_init ] --START--
INFO: Run Behavior\BuildLiteBehavior [ RunTime:0.000020s ]
INFO: [ app_init ] --END-- [ RunTime:0.000742s ]
INFO: [ app_begin ] --START--
INFO: Run Behavior\ReadHtmlCacheBehavior [ RunTime:0.000938s ]
INFO: [ app_begin ] --END-- [ RunTime:0.001014s ]
NOTIC: [8] A session had already been started - ignoring session_start() E:\xampp\htdocs\mythink\ThinkPHP\Common\functions.php 第 1263 行.
NOTIC: [2048] Declaration of Admin\Model\BaseModel::add() should be compatible with Think\Model::add($data = '', $options = Array, $replace = false) E:\xampp\htdocs\mythink\Application\Admin\Model\BaseModel.class.php 第 4 行.
SQL: SHOW COLUMNS FROM `blog` [ RunTime:0.0111s ]
SQL: SHOW COLUMNS FROM `user` [ RunTime:0.0116s ]
SQL: SHOW COLUMNS FROM `classify` [ RunTime:0.0125s ]
SQL: SHOW COLUMNS FROM `blog` [ RunTime:0.0129s ]
SQL: SELECT COUNT(*) AS tp_count FROM `blog` WHERE ( status =1 ) LIMIT 1   [ RunTime:0.0005s ]
SQL: SELECT * FROM `blog` WHERE ( 1 ) ORDER BY id asc LIMIT 0,4   [ RunTime:0.0004s ]
SQL: SELECT * FROM `classify` WHERE ( id=5 ) LIMIT 1   [ RunTime:0.0004s ]
SQL: SELECT * FROM `classify` WHERE ( id=5 ) LIMIT 1   [ RunTime:0.0004s ]
SQL: SELECT * FROM `classify` WHERE ( id=9 ) LIMIT 1   [ RunTime:0.0004s ]
SQL: SELECT * FROM `classify` WHERE ( id=3 ) LIMIT 1   [ RunTime:0.0004s ]
INFO: [ app_end ] --START--
INFO: Run Behavior\ShowPageTraceBehavior [ RunTime:0.000880s ]
INFO: [ app_end ] --END-- [ RunTime:0.000951s ]

[ 2017-11-08T09:52:01+08:00 ] 127.0.0.1 /Admin/Blog/blogLists/p/a.jpg
INFO: [ app_init ] --START--
INFO: Run Behavior\BuildLiteBehavior [ RunTime:0.000017s ]
INFO: [ app_init ] --END-- [ RunTime:0.000542s ]

[ 2017-11-08T09:52:02+08:00 ] 127.0.0.1 /Admin/Blog/blogInfo/id/36
INFO: [ app_init ] --START--
INFO: Run Behavior\BuildLiteBehavior [ RunTime:0.000020s ]
INFO: [ app_init ] --END-- [ RunTime:0.000718s ]
INFO: [ app_begin ] --START--
INFO: Run Behavior\ReadHtmlCacheBehavior [ RunTime:0.000659s ]
INFO: [ app_begin ] --END-- [ RunTime:0.000719s ]
NOTIC: [8] A session had already been started - ignoring session_start() E:\xampp\htdocs\mythink\ThinkPHP\Common\functions.php 第 1263 行.
NOTIC: [2048] Declaration of Admin\Model\BaseModel::add() should be compatible with Think\Model::add($data = '', $options = Array, $replace = false) E:\xampp\htdocs\mythink\Application\Admin\Model\BaseModel.class.php 第 4 行.
SQL: SHOW COLUMNS FROM `blog` [ RunTime:0.0113s ]
SQL: SELECT * FROM `blog` WHERE ( id=36 ) LIMIT 1   [ RunTime:0.0005s ]
INFO: [ view_parse ] --START--
INFO: [ template_filter ] --START--
INFO: Run Behavior\ContentReplaceBehavior [ RunTime:0.000064s ]
INFO: [ template_filter ] --END-- [ RunTime:0.000170s ]
INFO: Run Behavior\ParseTemplateBehavior [ RunTime:0.009921s ]
INFO: [ view_parse ] --END-- [ RunTime:0.010005s ]
INFO: [ view_filter ] --START--
INFO: Run Behavior\WriteHtmlCacheBehavior [ RunTime:0.000530s ]
INFO: [ view_filter ] --END-- [ RunTime:0.000580s ]
INFO: [ app_end ] --START--
INFO: Run Behavior\ShowPageTraceBehavior [ RunTime:0.000688s ]
INFO: [ app_end ] --END-- [ RunTime:0.000739s ]

[ 2017-11-08T09:52:05+08:00 ] 127.0.0.1 /Admin/Blog/blogLists/p/1
INFO: [ app_init ] --START--
INFO: Run Behavior\BuildLiteBehavior [ RunTime:0.000016s ]
INFO: [ app_init ] --END-- [ RunTime:0.000548s ]
INFO: [ app_begin ] --START--
INFO: Run Behavior\ReadHtmlCacheBehavior [ RunTime:0.000824s ]
INFO: [ app_begin ] --END-- [ RunTime:0.000927s ]
NOTIC: [8] A session had already been started - ignoring session_start() E:\xampp\htdocs\mythink\ThinkPHP\Common\functions.php 第 1263 行.
NOTIC: [2048] Declaration of Admin\Model\BaseModel::add() should be compatible with Think\Model::add($data = '', $options = Array, $replace = false) E:\xampp\htdocs\mythink\Application\Admin\Model\BaseModel.class.php 第 4 行.
SQL: SHOW COLUMNS FROM `blog` [ RunTime:0.0132s ]
SQL: SHOW COLUMNS FROM `user` [ RunTime:0.0150s ]
SQL: SHOW COLUMNS FROM `classify` [ RunTime:0.0163s ]
SQL: SHOW COLUMNS FROM `blog` [ RunTime:0.0213s ]
SQL: SELECT COUNT(*) AS tp_count FROM `blog` WHERE ( status =1 ) LIMIT 1   [ RunTime:0.0006s ]
SQL: SELECT * FROM `blog` WHERE ( 1 ) ORDER BY id asc LIMIT 0,4   [ RunTime:0.0008s ]
SQL: SELECT * FROM `classify` WHERE ( id=5 ) LIMIT 1   [ RunTime:0.0006s ]
SQL: SELECT * FROM `classify` WHERE ( id=5 ) LIMIT 1   [ RunTime:0.0004s ]
SQL: SELECT * FROM `classify` WHERE ( id=9 ) LIMIT 1   [ RunTime:0.0005s ]
SQL: SELECT * FROM `classify` WHERE ( id=3 ) LIMIT 1   [ RunTime:0.0005s ]
INFO: [ app_end ] --START--
INFO: Run Behavior\ShowPageTraceBehavior [ RunTime:0.000978s ]
INFO: [ app_end ] --END-- [ RunTime:0.001074s ]

[ 2017-11-08T09:52:05+08:00 ] 127.0.0.1 /Admin/Blog/blogLists/p/a.jpg
INFO: [ app_init ] --START--
INFO: Run Behavior\BuildLiteBehavior [ RunTime:0.000034s ]
INFO: [ app_init ] --END-- [ RunTime:0.001116s ]

[ 2017-11-08T09:52:06+08:00 ] 127.0.0.1 /Admin/Blog/blogInfo/id/37
INFO: [ app_init ] --START--
INFO: Run Behavior\BuildLiteBehavior [ RunTime:0.000034s ]
INFO: [ app_init ] --END-- [ RunTime:0.000918s ]
INFO: [ app_begin ] --START--
INFO: Run Behavior\ReadHtmlCacheBehavior [ RunTime:0.001137s ]
INFO: [ app_begin ] --END-- [ RunTime:0.001253s ]
NOTIC: [8] A session had already been started - ignoring session_start() E:\xampp\htdocs\mythink\ThinkPHP\Common\functions.php 第 1263 行.
NOTIC: [2048] Declaration of Admin\Model\BaseModel::add() should be compatible with Think\Model::add($data = '', $options = Array, $replace = false) E:\xampp\htdocs\mythink\Application\Admin\Model\BaseModel.class.php 第 4 行.
SQL: SHOW COLUMNS FROM `blog` [ RunTime:0.0117s ]
SQL: SELECT * FROM `blog` WHERE ( id=37 ) LIMIT 1   [ RunTime:0.0005s ]
INFO: [ view_parse ] --START--
INFO: [ template_filter ] --START--
INFO: Run Behavior\ContentReplaceBehavior [ RunTime:0.000043s ]
INFO: [ template_filter ] --END-- [ RunTime:0.000100s ]
INFO: Run Behavior\ParseTemplateBehavior [ RunTime:0.008231s ]
INFO: [ view_parse ] --END-- [ RunTime:0.008323s ]
INFO: [ view_filter ] --START--
INFO: Run Behavior\WriteHtmlCacheBehavior [ RunTime:0.000522s ]
INFO: [ view_filter ] --END-- [ RunTime:0.000578s ]
INFO: [ app_end ] --START--
INFO: Run Behavior\ShowPageTraceBehavior [ RunTime:0.000741s ]
INFO: [ app_end ] --END-- [ RunTime:0.000794s ]

[ 2017-11-08T09:52:09+08:00 ] 127.0.0.1 /Admin/Blog/blogLists/p/1
INFO: [ app_init ] --START--
INFO: Run Behavior\BuildLiteBehavior [ RunTime:0.000030s ]
INFO: [ app_init ] --END-- [ RunTime:0.000772s ]
INFO: [ app_begin ] --START--
INFO: Run Behavior\ReadHtmlCacheBehavior [ RunTime:0.000688s ]
INFO: [ app_begin ] --END-- [ RunTime:0.000756s ]
NOTIC: [8] A session had already been started - ignoring session_start() E:\xampp\htdocs\mythink\ThinkPHP\Common\functions.php 第 1263 行.
NOTIC: [2048] Declaration of Admin\Model\BaseModel::add() should be compatible with Think\Model::add($data = '', $options = Array, $replace = false) E:\xampp\htdocs\mythink\Application\Admin\Model\BaseModel.class.php 第 4 行.
SQL: SHOW COLUMNS FROM `blog` [ RunTime:0.0107s ]
SQL: SHOW COLUMNS FROM `user` [ RunTime:0.0122s ]
SQL: SHOW COLUMNS FROM `classify` [ RunTime:0.0844s ]
SQL: SHOW COLUMNS FROM `blog` [ RunTime:0.0264s ]
SQL: SELECT COUNT(*) AS tp_count FROM `blog` WHERE ( status =1 ) LIMIT 1   [ RunTime:0.0005s ]
SQL: SELECT * FROM `blog` WHERE ( 1 ) ORDER BY id asc LIMIT 0,4   [ RunTime:0.0004s ]
SQL: SELECT * FROM `classify` WHERE ( id=5 ) LIMIT 1   [ RunTime:0.0003s ]
SQL: SELECT * FROM `classify` WHERE ( id=5 ) LIMIT 1   [ RunTime:0.0003s ]
SQL: SELECT * FROM `classify` WHERE ( id=9 ) LIMIT 1   [ RunTime:0.0004s ]
SQL: SELECT * FROM `classify` WHERE ( id=3 ) LIMIT 1   [ RunTime:0.0004s ]
INFO: [ app_end ] --START--
INFO: Run Behavior\ShowPageTraceBehavior [ RunTime:0.000710s ]
INFO: [ app_end ] --END-- [ RunTime:0.000772s ]

[ 2017-11-08T09:52:09+08:00 ] 127.0.0.1 /Admin/Blog/blogLists/p/a.jpg
INFO: [ app_init ] --START--
INFO: Run Behavior\BuildLiteBehavior [ RunTime:0.000018s ]
INFO: [ app_init ] --END-- [ RunTime:0.000557s ]

[ 2017-11-08T09:52:41+08:00 ] 127.0.0.1 /Admin/Blog/blogLists/p/1
INFO: [ app_init ] --START--
INFO: Run Behavior\BuildLiteBehavior [ RunTime:0.000017s ]
INFO: [ app_init ] --END-- [ RunTime:0.000562s ]
INFO: [ app_begin ] --START--
INFO: Run Behavior\ReadHtmlCacheBehavior [ RunTime:0.000706s ]
INFO: [ app_begin ] --END-- [ RunTime:0.000806s ]
NOTIC: [8] A session had already been started - ignoring session_start() E:\xampp\htdocs\mythink\ThinkPHP\Common\functions.php 第 1263 行.
NOTIC: [2048] Declaration of Admin\Model\BaseModel::add() should be compatible with Think\Model::add($data = '', $options = Array, $replace = false) E:\xampp\htdocs\mythink\Application\Admin\Model\BaseModel.class.php 第 4 行.
SQL: SHOW COLUMNS FROM `blog` [ RunTime:0.0140s ]
SQL: SHOW COLUMNS FROM `user` [ RunTime:0.0132s ]
SQL: SHOW COLUMNS FROM `classify` [ RunTime:0.0167s ]
SQL: SHOW COLUMNS FROM `blog` [ RunTime:0.0143s ]
SQL: SELECT COUNT(*) AS tp_count FROM `blog` WHERE ( status =1 ) LIMIT 1   [ RunTime:0.0006s ]
SQL: SELECT * FROM `blog` WHERE ( 1 ) ORDER BY id asc LIMIT 0,4   [ RunTime:0.0005s ]
SQL: SELECT * FROM `classify` WHERE ( id=5 ) LIMIT 1   [ RunTime:0.0004s ]
SQL: SELECT * FROM `classify` WHERE ( id=5 ) LIMIT 1   [ RunTime:0.0003s ]
SQL: SELECT * FROM `classify` WHERE ( id=9 ) LIMIT 1   [ RunTime:0.0004s ]
SQL: SELECT * FROM `classify` WHERE ( id=3 ) LIMIT 1   [ RunTime:0.0004s ]
INFO: [ app_end ] --START--
INFO: Run Behavior\ShowPageTraceBehavior [ RunTime:0.000740s ]
INFO: [ app_end ] --END-- [ RunTime:0.000817s ]

[ 2017-11-08T09:52:41+08:00 ] 127.0.0.1 /Admin/Blog/blogLists/p/a.jpg
INFO: [ app_init ] --START--
INFO: Run Behavior\BuildLiteBehavior [ RunTime:0.000096s ]
INFO: [ app_init ] --END-- [ RunTime:0.001100s ]

[ 2017-11-08T09:52:43+08:00 ] 127.0.0.1 /Admin/Blog/blogInfo/id/36
INFO: [ app_init ] --START--
INFO: Run Behavior\BuildLiteBehavior [ RunTime:0.000019s ]
INFO: [ app_init ] --END-- [ RunTime:0.000576s ]
INFO: [ app_begin ] --START--
INFO: Run Behavior\ReadHtmlCacheBehavior [ RunTime:0.000659s ]
INFO: [ app_begin ] --END-- [ RunTime:0.000719s ]
NOTIC: [8] A session had already been started - ignoring session_start() E:\xampp\htdocs\mythink\ThinkPHP\Common\functions.php 第 1263 行.
NOTIC: [2048] Declaration of Admin\Model\BaseModel::add() should be compatible with Think\Model::add($data = '', $options = Array, $replace = false) E:\xampp\htdocs\mythink\Application\Admin\Model\BaseModel.class.php 第 4 行.
SQL: SHOW COLUMNS FROM `blog` [ RunTime:0.0105s ]
SQL: SELECT * FROM `blog` WHERE ( id=36 ) LIMIT 1   [ RunTime:0.0004s ]
INFO: [ view_parse ] --START--
INFO: [ template_filter ] --START--
INFO: Run Behavior\ContentReplaceBehavior [ RunTime:0.000070s ]
INFO: [ template_filter ] --END-- [ RunTime:0.000172s ]
INFO: Run Behavior\ParseTemplateBehavior [ RunTime:0.008904s ]
INFO: [ view_parse ] --END-- [ RunTime:0.008982s ]
INFO: [ view_filter ] --START--
INFO: Run Behavior\WriteHtmlCacheBehavior [ RunTime:0.000468s ]
INFO: [ view_filter ] --END-- [ RunTime:0.000519s ]
INFO: [ app_end ] --START--
INFO: Run Behavior\ShowPageTraceBehavior [ RunTime:0.000669s ]
INFO: [ app_end ] --END-- [ RunTime:0.000719s ]

[ 2017-11-08T09:52:44+08:00 ] 127.0.0.1 /Admin/Blog/blogLists/p/1
INFO: [ app_init ] --START--
INFO: Run Behavior\BuildLiteBehavior [ RunTime:0.000017s ]
INFO: [ app_init ] --END-- [ RunTime:0.000694s ]
INFO: [ app_begin ] --START--
INFO: Run Behavior\ReadHtmlCacheBehavior [ RunTime:0.000662s ]
INFO: [ app_begin ] --END-- [ RunTime:0.000726s ]
NOTIC: [8] A session had already been started - ignoring session_start() E:\xampp\htdocs\mythink\ThinkPHP\Common\functions.php 第 1263 行.
NOTIC: [2048] Declaration of Admin\Model\BaseModel::add() should be compatible with Think\Model::add($data = '', $options = Array, $replace = false) E:\xampp\htdocs\mythink\Application\Admin\Model\BaseModel.class.php 第 4 行.
SQL: SHOW COLUMNS FROM `blog` [ RunTime:0.0123s ]
SQL: SHOW COLUMNS FROM `user` [ RunTime:0.0127s ]
SQL: SHOW COLUMNS FROM `classify` [ RunTime:0.0113s ]
SQL: SHOW COLUMNS FROM `blog` [ RunTime:0.0146s ]
SQL: SELECT COUNT(*) AS tp_count FROM `blog` WHERE ( status =1 ) LIMIT 1   [ RunTime:0.0004s ]
SQL: SELECT * FROM `blog` WHERE ( 1 ) ORDER BY id asc LIMIT 0,4   [ RunTime:0.0004s ]
SQL: SELECT * FROM `classify` WHERE ( id=5 ) LIMIT 1   [ RunTime:0.0003s ]
SQL: SELECT * FROM `classify` WHERE ( id=5 ) LIMIT 1   [ RunTime:0.0003s ]
SQL: SELECT * FROM `classify` WHERE ( id=9 ) LIMIT 1   [ RunTime:0.0005s ]
SQL: SELECT * FROM `classify` WHERE ( id=3 ) LIMIT 1   [ RunTime:0.0006s ]
INFO: [ app_end ] --START--
INFO: Run Behavior\ShowPageTraceBehavior [ RunTime:0.000803s ]
INFO: [ app_end ] --END-- [ RunTime:0.000898s ]

[ 2017-11-08T09:52:44+08:00 ] 127.0.0.1 /Admin/Blog/blogLists/p/a.jpg
INFO: [ app_init ] --START--
INFO: Run Behavior\BuildLiteBehavior [ RunTime:0.001021s ]
INFO: [ app_init ] --END-- [ RunTime:0.003004s ]

[ 2017-11-08T09:52:45+08:00 ] 127.0.0.1 /Admin/Blog/blogInfo/id/38
INFO: [ app_init ] --START--
INFO: Run Behavior\BuildLiteBehavior [ RunTime:0.000031s ]
INFO: [ app_init ] --END-- [ RunTime:0.000903s ]
INFO: [ app_begin ] --START--
INFO: Run Behavior\ReadHtmlCacheBehavior [ RunTime:0.001325s ]
INFO: [ app_begin ] --END-- [ RunTime:0.001509s ]
NOTIC: [8] A session had already been started - ignoring session_start() E:\xampp\htdocs\mythink\ThinkPHP\Common\functions.php 第 1263 行.
NOTIC: [2048] Declaration of Admin\Model\BaseModel::add() should be compatible with Think\Model::add($data = '', $options = Array, $replace = false) E:\xampp\htdocs\mythink\Application\Admin\Model\BaseModel.class.php 第 4 行.
SQL: SHOW COLUMNS FROM `blog` [ RunTime:0.0119s ]
SQL: SELECT * FROM `blog` WHERE ( id=38 ) LIMIT 1   [ RunTime:0.0006s ]
INFO: [ view_parse ] --START--
INFO: [ template_filter ] --START--
INFO: Run Behavior\ContentReplaceBehavior [ RunTime:0.000044s ]
INFO: [ template_filter ] --END-- [ RunTime:0.000107s ]
INFO: Run Behavior\ParseTemplateBehavior [ RunTime:0.008777s ]
INFO: [ view_parse ] --END-- [ RunTime:0.008867s ]
INFO: [ view_filter ] --START--
INFO: Run Behavior\WriteHtmlCacheBehavior [ RunTime:0.000537s ]
INFO: [ view_filter ] --END-- [ RunTime:0.000592s ]
INFO: [ app_end ] --START--
INFO: Run Behavior\ShowPageTraceBehavior [ RunTime:0.000757s ]
INFO: [ app_end ] --END-- [ RunTime:0.000813s ]

[ 2017-11-08T09:52:48+08:00 ] 127.0.0.1 /Admin/Blog/blogLists/p/1
INFO: [ app_init ] --START--
INFO: Run Behavior\BuildLiteBehavior [ RunTime:0.000019s ]
INFO: [ app_init ] --END-- [ RunTime:0.000725s ]
INFO: [ app_begin ] --START--
INFO: Run Behavior\ReadHtmlCacheBehavior [ RunTime:0.000677s ]
INFO: [ app_begin ] --END-- [ RunTime:0.000748s ]
NOTIC: [8] A session had already been started - ignoring session_start() E:\xampp\htdocs\mythink\ThinkPHP\Common\functions.php 第 1263 行.
NOTIC: [2048] Declaration of Admin\Model\BaseModel::add() should be compatible with Think\Model::add($data = '', $options = Array, $replace = false) E:\xampp\htdocs\mythink\Application\Admin\Model\BaseModel.class.php 第 4 行.
SQL: SHOW COLUMNS FROM `blog` [ RunTime:0.0111s ]
SQL: SHOW COLUMNS FROM `user` [ RunTime:0.0118s ]
SQL: SHOW COLUMNS FROM `classify` [ RunTime:0.0129s ]
SQL: SHOW COLUMNS FROM `blog` [ RunTime:0.0116s ]
SQL: SELECT COUNT(*) AS tp_count FROM `blog` WHERE ( status =1 ) LIMIT 1   [ RunTime:0.0004s ]
SQL: SELECT * FROM `blog` WHERE ( 1 ) ORDER BY id asc LIMIT 0,4   [ RunTime:0.0004s ]
SQL: SELECT * FROM `classify` WHERE ( id=5 ) LIMIT 1   [ RunTime:0.0003s ]
SQL: SELECT * FROM `classify` WHERE ( id=5 ) LIMIT 1   [ RunTime:0.0003s ]
SQL: SELECT * FROM `classify` WHERE ( id=9 ) LIMIT 1   [ RunTime:0.0003s ]
SQL: SELECT * FROM `classify` WHERE ( id=3 ) LIMIT 1   [ RunTime:0.0003s ]
INFO: [ app_end ] --START--
INFO: Run Behavior\ShowPageTraceBehavior [ RunTime:0.000833s ]
INFO: [ app_end ] --END-- [ RunTime:0.000912s ]

[ 2017-11-08T09:52:48+08:00 ] 127.0.0.1 /Admin/Blog/blogLists/p/a.jpg
INFO: [ app_init ] --START--
INFO: Run Behavior\BuildLiteBehavior [ RunTime:0.000018s ]
INFO: [ app_init ] --END-- [ RunTime:0.000544s ]

[ 2017-11-08T09:52:54+08:00 ] 127.0.0.1 /Admin/Blog/blogInfo/id/36
INFO: [ app_init ] --START--
INFO: Run Behavior\BuildLiteBehavior [ RunTime:0.000018s ]
INFO: [ app_init ] --END-- [ RunTime:0.000621s ]
INFO: [ app_begin ] --START--
INFO: Run Behavior\ReadHtmlCacheBehavior [ RunTime:0.001090s ]
INFO: [ app_begin ] --END-- [ RunTime:0.001280s ]
NOTIC: [8] A session had already been started - ignoring session_start() E:\xampp\htdocs\mythink\ThinkPHP\Common\functions.php 第 1263 行.
NOTIC: [2048] Declaration of Admin\Model\BaseModel::add() should be compatible with Think\Model::add($data = '', $options = Array, $replace = false) E:\xampp\htdocs\mythink\Application\Admin\Model\BaseModel.class.php 第 4 行.
SQL: SHOW COLUMNS FROM `blog` [ RunTime:0.0108s ]
SQL: SELECT * FROM `blog` WHERE ( id=36 ) LIMIT 1   [ RunTime:0.0005s ]
INFO: [ view_parse ] --START--
INFO: [ template_filter ] --START--
INFO: Run Behavior\ContentReplaceBehavior [ RunTime:0.000043s ]
INFO: [ template_filter ] --END-- [ RunTime:0.000108s ]
INFO: Run Behavior\ParseTemplateBehavior [ RunTime:0.008937s ]
INFO: [ view_parse ] --END-- [ RunTime:0.009044s ]
INFO: [ view_filter ] --START--
INFO: Run Behavior\WriteHtmlCacheBehavior [ RunTime:0.000522s ]
INFO: [ view_filter ] --END-- [ RunTime:0.000580s ]
INFO: [ app_end ] --START--
INFO: Run Behavior\ShowPageTraceBehavior [ RunTime:0.000767s ]
INFO: [ app_end ] --END-- [ RunTime:0.000820s ]

[ 2017-11-08T09:52:57+08:00 ] 127.0.0.1 /Admin/Blog/blogLists/p/1
INFO: [ app_init ] --START--
INFO: Run Behavior\BuildLiteBehavior [ RunTime:0.000018s ]
INFO: [ app_init ] --END-- [ RunTime:0.000603s ]
INFO: [ app_begin ] --START--
INFO: Run Behavior\ReadHtmlCacheBehavior [ RunTime:0.000796s ]
INFO: [ app_begin ] --END-- [ RunTime:0.000875s ]
NOTIC: [8] A session had already been started - ignoring session_start() E:\xampp\htdocs\mythink\ThinkPHP\Common\functions.php 第 1263 行.
NOTIC: [2048] Declaration of Admin\Model\BaseModel::add() should be compatible with Think\Model::add($data = '', $options = Array, $replace = false) E:\xampp\htdocs\mythink\Application\Admin\Model\BaseModel.class.php 第 4 行.
SQL: SHOW COLUMNS FROM `blog` [ RunTime:0.0131s ]
SQL: SHOW COLUMNS FROM `user` [ RunTime:0.0117s ]
SQL: SHOW COLUMNS FROM `classify` [ RunTime:0.0113s ]
SQL: SHOW COLUMNS FROM `blog` [ RunTime:0.0118s ]
SQL: SELECT COUNT(*) AS tp_count FROM `blog` WHERE ( status =1 ) LIMIT 1   [ RunTime:0.0005s ]
SQL: SELECT * FROM `blog` WHERE ( 1 ) ORDER BY id asc LIMIT 0,4   [ RunTime:0.0005s ]
SQL: SELECT * FROM `classify` WHERE ( id=5 ) LIMIT 1   [ RunTime:0.0004s ]
SQL: SELECT * FROM `classify` WHERE ( id=5 ) LIMIT 1   [ RunTime:0.0004s ]
SQL: SELECT * FROM `classify` WHERE ( id=9 ) LIMIT 1   [ RunTime:0.0004s ]
SQL: SELECT * FROM `classify` WHERE ( id=3 ) LIMIT 1   [ RunTime:0.0004s ]
INFO: [ app_end ] --START--
INFO: Run Behavior\ShowPageTraceBehavior [ RunTime:0.000711s ]
INFO: [ app_end ] --END-- [ RunTime:0.000776s ]

[ 2017-11-08T09:52:57+08:00 ] 127.0.0.1 /Admin/Blog/blogLists/p/a.jpg
INFO: [ app_init ] --START--
INFO: Run Behavior\BuildLiteBehavior [ RunTime:0.000020s ]
INFO: [ app_init ] --END-- [ RunTime:0.000642s ]

[ 2017-11-08T09:53:04+08:00 ] 127.0.0.1 /Admin/Blog/add
INFO: [ app_init ] --START--
INFO: Run Behavior\BuildLiteBehavior [ RunTime:0.000021s ]
INFO: [ app_init ] --END-- [ RunTime:0.000724s ]
INFO: [ app_begin ] --START--
INFO: Run Behavior\ReadHtmlCacheBehavior [ RunTime:0.000789s ]
INFO: [ app_begin ] --END-- [ RunTime:0.000865s ]
NOTIC: [8] A session had already been started - ignoring session_start() E:\xampp\htdocs\mythink\ThinkPHP\Common\functions.php 第 1263 行.
NOTIC: [2048] Declaration of Home\Model\BaseModel::add() should be compatible with Think\Model::add($data = '', $options = Array, $replace = false) E:\xampp\htdocs\mythink\Application\Home\Model\BaseModel.class.php 第 4 行.
SQL: SHOW COLUMNS FROM `classify` [ RunTime:0.0112s ]
SQL: SHOW COLUMNS FROM `classify` [ RunTime:0.0114s ]
SQL: SELECT * FROM `classify` WHERE ( parent_id= 0 )  [ RunTime:0.0006s ]
SQL: SELECT * FROM `classify` WHERE ( parent_id= 1 )  [ RunTime:0.0004s ]
SQL: SELECT * FROM `classify` WHERE ( parent_id= 2 )  [ RunTime:0.0003s ]
SQL: SELECT * FROM `classify` WHERE ( parent_id= 7 )  [ RunTime:0.0003s ]
INFO: [ view_parse ] --START--
INFO: [ template_filter ] --START--
INFO: Run Behavior\ContentReplaceBehavior [ RunTime:0.000044s ]
INFO: [ template_filter ] --END-- [ RunTime:0.000103s ]
INFO: Run Behavior\ParseTemplateBehavior [ RunTime:0.008582s ]
INFO: [ view_parse ] --END-- [ RunTime:0.008656s ]
INFO: [ view_filter ] --START--
INFO: Run Behavior\WriteHtmlCacheBehavior [ RunTime:0.000457s ]
INFO: [ view_filter ] --END-- [ RunTime:0.000504s ]
INFO: [ app_end ] --START--
INFO: Run Behavior\ShowPageTraceBehavior [ RunTime:0.000671s ]
INFO: [ app_end ] --END-- [ RunTime:0.000718s ]

[ 2017-11-08T09:53:07+08:00 ] 127.0.0.1 /Admin/Blog/blogLists/p/1
INFO: [ app_init ] --START--
INFO: Run Behavior\BuildLiteBehavior [ RunTime:0.000016s ]
INFO: [ app_init ] --END-- [ RunTime:0.000570s ]
INFO: [ app_begin ] --START--
INFO: Run Behavior\ReadHtmlCacheBehavior [ RunTime:0.000806s ]
INFO: [ app_begin ] --END-- [ RunTime:0.000864s ]
NOTIC: [8] A session had already been started - ignoring session_start() E:\xampp\htdocs\mythink\ThinkPHP\Common\functions.php 第 1263 行.
NOTIC: [2048] Declaration of Admin\Model\BaseModel::add() should be compatible with Think\Model::add($data = '', $options = Array, $replace = false) E:\xampp\htdocs\mythink\Application\Admin\Model\BaseModel.class.php 第 4 行.
SQL: SHOW COLUMNS FROM `blog` [ RunTime:0.0120s ]
SQL: SHOW COLUMNS FROM `user` [ RunTime:0.0121s ]
SQL: SHOW COLUMNS FROM `classify` [ RunTime:0.0108s ]
SQL: SHOW COLUMNS FROM `blog` [ RunTime:0.0116s ]
SQL: SELECT COUNT(*) AS tp_count FROM `blog` WHERE ( status =1 ) LIMIT 1   [ RunTime:0.0006s ]
SQL: SELECT * FROM `blog` WHERE ( 1 ) ORDER BY id asc LIMIT 0,4   [ RunTime:0.0005s ]
SQL: SELECT * FROM `classify` WHERE ( id=5 ) LIMIT 1   [ RunTime:0.0003s ]
SQL: SELECT * FROM `classify` WHERE ( id=5 ) LIMIT 1   [ RunTime:0.0003s ]
SQL: SELECT * FROM `classify` WHERE ( id=9 ) LIMIT 1   [ RunTime:0.0003s ]
SQL: SELECT * FROM `classify` WHERE ( id=3 ) LIMIT 1   [ RunTime:0.0003s ]
INFO: [ app_end ] --START--
INFO: Run Behavior\ShowPageTraceBehavior [ RunTime:0.000716s ]
INFO: [ app_end ] --END-- [ RunTime:0.000824s ]

[ 2017-11-08T09:53:07+08:00 ] 127.0.0.1 /Admin/Blog/blogLists/p/a.jpg
INFO: [ app_init ] --START--
INFO: Run Behavior\BuildLiteBehavior [ RunTime:0.000043s ]
INFO: [ app_init ] --END-- [ RunTime:0.001021s ]

[ 2017-11-08T11:04:24+08:00 ] 127.0.0.1 /Admin/Blog/blogLists/p/1
INFO: [ app_init ] --START--
INFO: Run Behavior\BuildLiteBehavior [ RunTime:0.000019s ]
INFO: [ app_init ] --END-- [ RunTime:0.000734s ]
INFO: [ app_begin ] --START--
INFO: Run Behavior\ReadHtmlCacheBehavior [ RunTime:0.000848s ]
INFO: [ app_begin ] --END-- [ RunTime:0.000922s ]
NOTIC: [8] A session had already been started - ignoring session_start() E:\xampp\htdocs\mythink\ThinkPHP\Common\functions.php 第 1263 行.
NOTIC: [2048] Declaration of Admin\Model\BaseModel::add() should be compatible with Think\Model::add($data = '', $options = Array, $replace = false) E:\xampp\htdocs\mythink\Application\Admin\Model\BaseModel.class.php 第 4 行.
SQL: SHOW COLUMNS FROM `blog` [ RunTime:0.0156s ]
SQL: SHOW COLUMNS FROM `user` [ RunTime:0.0147s ]
SQL: SHOW COLUMNS FROM `classify` [ RunTime:0.0144s ]
SQL: SHOW COLUMNS FROM `blog` [ RunTime:0.0154s ]
SQL: SELECT COUNT(*) AS tp_count FROM `blog` WHERE ( status =1 ) LIMIT 1   [ RunTime:0.0009s ]
SQL: SELECT * FROM `blog` WHERE ( 1 ) ORDER BY id asc LIMIT 0,4   [ RunTime:0.0006s ]
SQL: SELECT * FROM `classify` WHERE ( id=5 ) LIMIT 1   [ RunTime:0.0006s ]
SQL: SELECT * FROM `classify` WHERE ( id=5 ) LIMIT 1   [ RunTime:0.0005s ]
SQL: SELECT * FROM `classify` WHERE ( id=9 ) LIMIT 1   [ RunTime:0.0004s ]
SQL: SELECT * FROM `classify` WHERE ( id=3 ) LIMIT 1   [ RunTime:0.0006s ]
INFO: [ app_end ] --START--
INFO: Run Behavior\ShowPageTraceBehavior [ RunTime:0.001145s ]
INFO: [ app_end ] --END-- [ RunTime:0.001233s ]

[ 2017-11-08T11:04:24+08:00 ] 127.0.0.1 /Admin/Blog/blogLists/p/a.jpg
INFO: [ app_init ] --START--
INFO: Run Behavior\BuildLiteBehavior [ RunTime:0.000028s ]
INFO: [ app_init ] --END-- [ RunTime:0.001138s ]

[ 2017-11-08T11:04:25+08:00 ] 127.0.0.1 /Admin/Blog/blogLists/p/2
INFO: [ app_init ] --START--
INFO: Run Behavior\BuildLiteBehavior [ RunTime:0.000054s ]
INFO: [ app_init ] --END-- [ RunTime:0.000877s ]
INFO: [ app_begin ] --START--
INFO: Run Behavior\ReadHtmlCacheBehavior [ RunTime:0.001469s ]
INFO: [ app_begin ] --END-- [ RunTime:0.001640s ]
NOTIC: [8] A session had already been started - ignoring session_start() E:\xampp\htdocs\mythink\ThinkPHP\Common\functions.php 第 1263 行.
NOTIC: [2048] Declaration of Admin\Model\BaseModel::add() should be compatible with Think\Model::add($data = '', $options = Array, $replace = false) E:\xampp\htdocs\mythink\Application\Admin\Model\BaseModel.class.php 第 4 行.
SQL: SHOW COLUMNS FROM `blog` [ RunTime:0.0127s ]
SQL: SHOW COLUMNS FROM `user` [ RunTime:0.0125s ]
SQL: SHOW COLUMNS FROM `classify` [ RunTime:0.0128s ]
SQL: SHOW COLUMNS FROM `blog` [ RunTime:0.0128s ]
SQL: SELECT COUNT(*) AS tp_count FROM `blog` WHERE ( status =1 ) LIMIT 1   [ RunTime:0.0004s ]
SQL: SELECT * FROM `blog` WHERE ( 1 ) ORDER BY id asc LIMIT 4,4   [ RunTime:0.0004s ]
SQL: SELECT * FROM `classify` WHERE ( id=3 ) LIMIT 1   [ RunTime:0.0004s ]
SQL: SELECT * FROM `classify` WHERE ( id=3 ) LIMIT 1   [ RunTime:0.0004s ]
INFO: [ app_end ] --START--
INFO: Run Behavior\ShowPageTraceBehavior [ RunTime:0.000763s ]
INFO: [ app_end ] --END-- [ RunTime:0.000831s ]

[ 2017-11-08T11:04:25+08:00 ] 127.0.0.1 /Admin/Blog/blogLists/p/a.jpg
INFO: [ app_init ] --START--
INFO: Run Behavior\BuildLiteBehavior [ RunTime:0.000061s ]
INFO: [ app_init ] --END-- [ RunTime:0.000992s ]

[ 2017-11-08T11:04:27+08:00 ] 127.0.0.1 /Admin/Blog/blogInfo/id/40
INFO: [ app_init ] --START--
INFO: Run Behavior\BuildLiteBehavior [ RunTime:0.000016s ]
INFO: [ app_init ] --END-- [ RunTime:0.000562s ]
INFO: [ app_begin ] --START--
INFO: Run Behavior\ReadHtmlCacheBehavior [ RunTime:0.000703s ]
INFO: [ app_begin ] --END-- [ RunTime:0.000767s ]
NOTIC: [8] A session had already been started - ignoring session_start() E:\xampp\htdocs\mythink\ThinkPHP\Common\functions.php 第 1263 行.
NOTIC: [2048] Declaration of Admin\Model\BaseModel::add() should be compatible with Think\Model::add($data = '', $options = Array, $replace = false) E:\xampp\htdocs\mythink\Application\Admin\Model\BaseModel.class.php 第 4 行.
SQL: SHOW COLUMNS FROM `blog` [ RunTime:0.0139s ]
SQL: SELECT * FROM `blog` WHERE ( id=40 ) LIMIT 1   [ RunTime:0.0005s ]
INFO: [ view_parse ] --START--
INFO: [ template_filter ] --START--
INFO: Run Behavior\ContentReplaceBehavior [ RunTime:0.000048s ]
INFO: [ template_filter ] --END-- [ RunTime:0.000118s ]
INFO: Run Behavior\ParseTemplateBehavior [ RunTime:0.010072s ]
INFO: [ view_parse ] --END-- [ RunTime:0.010163s ]
INFO: [ view_filter ] --START--
INFO: Run Behavior\WriteHtmlCacheBehavior [ RunTime:0.000560s ]
INFO: [ view_filter ] --END-- [ RunTime:0.000610s ]
INFO: [ app_end ] --START--
INFO: Run Behavior\ShowPageTraceBehavior [ RunTime:0.000671s ]
INFO: [ app_end ] --END-- [ RunTime:0.000724s ]

[ 2017-11-08T11:04:32+08:00 ] 127.0.0.1 /Admin/Blog/blogLists/p/2
INFO: [ app_init ] --START--
INFO: Run Behavior\BuildLiteBehavior [ RunTime:0.000019s ]
INFO: [ app_init ] --END-- [ RunTime:0.000703s ]
INFO: [ app_begin ] --START--
INFO: Run Behavior\ReadHtmlCacheBehavior [ RunTime:0.000913s ]
INFO: [ app_begin ] --END-- [ RunTime:0.000988s ]
NOTIC: [8] A session had already been started - ignoring session_start() E:\xampp\htdocs\mythink\ThinkPHP\Common\functions.php 第 1263 行.
NOTIC: [2048] Declaration of Admin\Model\BaseModel::add() should be compatible with Think\Model::add($data = '', $options = Array, $replace = false) E:\xampp\htdocs\mythink\Application\Admin\Model\BaseModel.class.php 第 4 行.
SQL: SHOW COLUMNS FROM `blog` [ RunTime:0.0147s ]
SQL: SHOW COLUMNS FROM `user` [ RunTime:0.0127s ]
SQL: SHOW COLUMNS FROM `classify` [ RunTime:0.0124s ]
SQL: SHOW COLUMNS FROM `blog` [ RunTime:0.0129s ]
SQL: SELECT COUNT(*) AS tp_count FROM `blog` WHERE ( status =1 ) LIMIT 1   [ RunTime:0.0004s ]
SQL: SELECT * FROM `blog` WHERE ( 1 ) ORDER BY id asc LIMIT 4,4   [ RunTime:0.0003s ]
SQL: SELECT * FROM `classify` WHERE ( id=3 ) LIMIT 1   [ RunTime:0.0003s ]
SQL: SELECT * FROM `classify` WHERE ( id=3 ) LIMIT 1   [ RunTime:0.0003s ]
INFO: [ app_end ] --START--
INFO: Run Behavior\ShowPageTraceBehavior [ RunTime:0.001018s ]
INFO: [ app_end ] --END-- [ RunTime:0.001089s ]

[ 2017-11-08T11:04:33+08:00 ] 127.0.0.1 /Admin/Blog/blogLists/p/a.jpg
INFO: [ app_init ] --START--
INFO: Run Behavior\BuildLiteBehavior [ RunTime:0.000021s ]
INFO: [ app_init ] --END-- [ RunTime:0.000731s ]

